Using pre-set license
Built from '2021.1/staging' branch; Version is '2021.1.2f1 (e5d502d80fbb) revision 15062274'; Using compiler version '192528614'; Build Type 'Release'
OS: 'Windows 10 Home; OS build 19042.928; Version 2009; 64bit' Language: 'en' Physical Memory: 16252 MB
BatchMode: 1, IsHumanControllingUs: 0, StartBugReporterOnCrash: 0, Is64bit: 1, IsPro: 0

 COMMAND LINE ARGUMENTS:
C:\programmes\Unity Editor versions\2021.1.2f1\Editor\Unity.exe
-adb2
-batchMode
-noUpm
-name
AssetImportWorker0
-projectPath
C:/Users/regar/Documents/GitHub/vision-ctrlcookie/Visionn
-logFile
Logs/AssetImportWorker0.log
-srvPort
61705
Successfully changed project path to: C:/Users/regar/Documents/GitHub/vision-ctrlcookie/Visionn
C:/Users/regar/Documents/GitHub/vision-ctrlcookie/Visionn
Using Asset Import Pipeline V2.
Refreshing native plugins compatible for Editor in 55.42 ms, found 1 plugins.
Preloading 0 native plugins for Editor in 0.00 ms.
Initialize engine version: 2021.1.2f1 (e5d502d80fbb)
[Subsystems] Discovering subsystems at path C:/programmes/Unity Editor versions/2021.1.2f1/Editor/Data/Resources/UnitySubsystems
[Subsystems] Discovering subsystems at path C:/Users/regar/Documents/GitHub/vision-ctrlcookie/Visionn/Assets
GfxDevice: creating device client; threaded=0; jobified=0
Direct3D:
    Version:  Direct3D 11.0 [level 11.1]
    Renderer: NVIDIA GeForce GTX 1660 Ti (ID=0x2191)
    Vendor:   NVIDIA
    VRAM:     5991 MB
    Driver:   27.21.14.5256
Shader 'Universal Render Pipeline/Particles/Lit': fallback shader 'Universal Render Pipeline/Particles/SimpleLit' not found
Initialize mono
Mono path[0] = 'C:/programmes/Unity Editor versions/2021.1.2f1/Editor/Data/Managed'
Mono path[1] = 'C:/programmes/Unity Editor versions/2021.1.2f1/Editor/Data/MonoBleedingEdge/lib/mono/unityjit'
Mono config path = 'C:/programmes/Unity Editor versions/2021.1.2f1/Editor/Data/MonoBleedingEdge/etc'
Using monoOptions --debugger-agent=transport=dt_socket,embedding=1,server=y,suspend=n,address=127.0.0.1:56732
Begin MonoManager ReloadAssembly
Registering precompiled unity dll's ...
Register platform support module: C:/programmes/Unity Editor versions/2021.1.2f1/Editor/Data/PlaybackEngines/WindowsStandaloneSupport/UnityEditor.WindowsStandalone.Extensions.dll
Registered in 0.001441 seconds.
Native extension for WindowsStandalone target not found
Refreshing native plugins compatible for Editor in 50.99 ms, found 1 plugins.
Preloading 0 native plugins for Editor in 0.00 ms.
Mono: successfully reloaded assembly
- Completed reload, in  0.947 seconds
Platform modules already initialized, skipping
Registering precompiled user dll's ...
Registered in 0.001236 seconds.
Begin MonoManager ReloadAssembly
Native extension for WindowsStandalone target not found
Refreshing native plugins compatible for Editor in 57.71 ms, found 1 plugins.
Preloading 0 native plugins for Editor in 0.00 ms.
Mono: successfully reloaded assembly
- Completed reload, in  0.987 seconds
Platform modules already initialized, skipping
========================================================================
Worker process is ready to serve import requests
Shader 'Universal Render Pipeline/Particles/Lit': fallback shader 'Universal Render Pipeline/Particles/SimpleLit' not found
Launched and connected shader compiler UnityShaderCompiler.exe after 0.03 seconds
Refreshing native plugins compatible for Editor in 0.57 ms, found 1 plugins.
Preloading 0 native plugins for Editor in 0.00 ms.
Unloading 3407 Unused Serialized files (Serialized files now loaded: 0)
System memory in use before: 147.2 MB.
System memory in use after: 147.4 MB.

Unloading 24 unused Assets to reduce memory usage. Loaded Objects now: 3870.
Total: 3.369000 ms (FindLiveObjects: 0.283000 ms CreateObjectMapping: 0.219000 ms MarkObjects: 2.743900 ms  DeleteObjects: 0.122100 ms)

========================================================================
Received Import Request.
  path: Assets/Art/rock tiles bluetint.png
  artifactKey: Guid(bd3018a72b294e54eb29576399d34dc2) Importer(815301076,1909f56bfc062723c751e8b465ee728b)
Start importing Assets/Art/rock tiles bluetint.png using Guid(bd3018a72b294e54eb29576399d34dc2) Importer(815301076,1909f56bfc062723c751e8b465ee728b)  -> (artifact id: '9f30bca203e6cd2e1cfba7cff41723fe') in 0.115014 seconds 
========================================================================
Received Import Request.
  Time since last request: 0.000212 seconds.
  path: Assets/Art/rock tiles greentint.png
  artifactKey: Guid(08e6e7d77b7207a428ffb9904386ca7c) Importer(815301076,1909f56bfc062723c751e8b465ee728b)
Start importing Assets/Art/rock tiles greentint.png using Guid(08e6e7d77b7207a428ffb9904386ca7c) Importer(815301076,1909f56bfc062723c751e8b465ee728b)  -> (artifact id: '66ee3947339a46e880944bf93ce69f3c') in 0.013050 seconds 
========================================================================
Received Import Request.
  Time since last request: 0.000143 seconds.
  path: Assets/Art/rock tiles yellowtint.png
  artifactKey: Guid(b612ac11fdea3a742805b89e354968d5) Importer(815301076,1909f56bfc062723c751e8b465ee728b)
Start importing Assets/Art/rock tiles yellowtint.png using Guid(b612ac11fdea3a742805b89e354968d5) Importer(815301076,1909f56bfc062723c751e8b465ee728b)  -> (artifact id: 'd1e76141ea25f53208c72b1fc67b54e2') in 0.012200 seconds 
========================================================================
Received Import Request.
  Time since last request: 0.000174 seconds.
  path: Assets/Art/rock tiles pinktint.png
  artifactKey: Guid(4875bd6877056b94aa61a29abead9770) Importer(815301076,1909f56bfc062723c751e8b465ee728b)
Start importing Assets/Art/rock tiles pinktint.png using Guid(4875bd6877056b94aa61a29abead9770) Importer(815301076,1909f56bfc062723c751e8b465ee728b)  -> (artifact id: 'd70ec30f1c35488d5a88631d49d2aa32') in 0.010438 seconds 
========================================================================
Received Import Request.
  Time since last request: 22.476236 seconds.
  path: Assets/Art/rock tiles yellowtint.png
  artifactKey: Guid(b612ac11fdea3a742805b89e354968d5) Importer(815301076,1909f56bfc062723c751e8b465ee728b)
Start importing Assets/Art/rock tiles yellowtint.png using Guid(b612ac11fdea3a742805b89e354968d5) Importer(815301076,1909f56bfc062723c751e8b465ee728b)  -> (artifact id: '353758608672c45d05c317404a6fb504') in 0.009680 seconds 
========================================================================
Received Import Request.
  Time since last request: 10.252291 seconds.
  path: Assets/Art/rock tiles yellowtint.png
  artifactKey: Guid(b612ac11fdea3a742805b89e354968d5) Importer(815301076,1909f56bfc062723c751e8b465ee728b)
Start importing Assets/Art/rock tiles yellowtint.png using Guid(b612ac11fdea3a742805b89e354968d5) Importer(815301076,1909f56bfc062723c751e8b465ee728b)  -> (artifact id: '6f5f2058198fecab0058a52b8af45117') in 0.150671 seconds 
========================================================================
Received Import Request.
  Time since last request: 311.106718 seconds.
  path: Assets/Art/yellow slopes.png
  artifactKey: Guid(3ffbc967adde84047909a7b88673a291) Importer(815301076,1909f56bfc062723c751e8b465ee728b)
Start importing Assets/Art/yellow slopes.png using Guid(3ffbc967adde84047909a7b88673a291) Importer(815301076,1909f56bfc062723c751e8b465ee728b)  -> (artifact id: 'e99afda3cdc3a9d8b72f01c375d3526b') in 0.018663 seconds 
========================================================================
Received Import Request.
  Time since last request: 13.087981 seconds.
  path: Assets/Art/yellow slopes.png
  artifactKey: Guid(3ffbc967adde84047909a7b88673a291) Importer(815301076,1909f56bfc062723c751e8b465ee728b)
Start importing Assets/Art/yellow slopes.png using Guid(3ffbc967adde84047909a7b88673a291) Importer(815301076,1909f56bfc062723c751e8b465ee728b)  -> (artifact id: 'e7e15d8734df3f576aa74bf8933f2f34') in 0.013073 seconds 
========================================================================
Received Import Request.
  Time since last request: 11.191172 seconds.
  path: Assets/Art/yellow slopes.png
  artifactKey: Guid(3ffbc967adde84047909a7b88673a291) Importer(815301076,1909f56bfc062723c751e8b465ee728b)
Start importing Assets/Art/yellow slopes.png using Guid(3ffbc967adde84047909a7b88673a291) Importer(815301076,1909f56bfc062723c751e8b465ee728b)  -> (artifact id: '8951219635a1788c845ec9ba21b65175') in 0.027291 seconds 
========================================================================
Received Import Request.
  Time since last request: 28.925302 seconds.
  path: Assets/Art/yellow slopes_3.asset
  artifactKey: Guid(cc0be6d97ad9b80478d7516a74bdbbd9) Importer(815301076,1909f56bfc062723c751e8b465ee728b)
Start importing Assets/Art/yellow slopes_3.asset using Guid(cc0be6d97ad9b80478d7516a74bdbbd9) Importer(815301076,1909f56bfc062723c751e8b465ee728b)  -> (artifact id: '72515402363bcd860a1cf702aee74765') in 0.025763 seconds 
========================================================================
Received Import Request.
  Time since last request: 1251.706171 seconds.
  path: Assets/Art/blue slopes.png
  artifactKey: Guid(443eb4d805cbd7a43b03dc0ec39acbbf) Importer(815301076,1909f56bfc062723c751e8b465ee728b)
Start importing Assets/Art/blue slopes.png using Guid(443eb4d805cbd7a43b03dc0ec39acbbf) Importer(815301076,1909f56bfc062723c751e8b465ee728b)  -> (artifact id: '64a2b36723512d852a022389c8cddbd6') in 0.014404 seconds 
========================================================================
Received Import Request.
  Time since last request: 21.301793 seconds.
  path: Assets/Art/blue slopes.png
  artifactKey: Guid(443eb4d805cbd7a43b03dc0ec39acbbf) Importer(815301076,1909f56bfc062723c751e8b465ee728b)
Start importing Assets/Art/blue slopes.png using Guid(443eb4d805cbd7a43b03dc0ec39acbbf) Importer(815301076,1909f56bfc062723c751e8b465ee728b)  -> (artifact id: '463f7cbdc49811776ac0a02495e0cb0e') in 0.012738 seconds 
========================================================================
Received Import Request.
  Time since last request: 28.200783 seconds.
  path: Assets/Art/blue slopes.png
  artifactKey: Guid(443eb4d805cbd7a43b03dc0ec39acbbf) Importer(815301076,1909f56bfc062723c751e8b465ee728b)
Start importing Assets/Art/blue slopes.png using Guid(443eb4d805cbd7a43b03dc0ec39acbbf) Importer(815301076,1909f56bfc062723c751e8b465ee728b)  -> (artifact id: 'd996d2ae49008858280c301f44d81a08') in 0.026278 seconds 
========================================================================
Received Import Request.
  Time since last request: 19.896340 seconds.
  path: Assets/Art/rock tiles bluetint.png
  artifactKey: Guid(bd3018a72b294e54eb29576399d34dc2) Importer(815301076,1909f56bfc062723c751e8b465ee728b)
Start importing Assets/Art/rock tiles bluetint.png using Guid(bd3018a72b294e54eb29576399d34dc2) Importer(815301076,1909f56bfc062723c751e8b465ee728b)  -> (artifact id: '33560a2ef6c6b64e71c0745c80b48744') in 0.015233 seconds 
========================================================================
Received Import Request.
  Time since last request: 6.241142 seconds.
  path: Assets/Art/rock tiles bluetint.png
  artifactKey: Guid(bd3018a72b294e54eb29576399d34dc2) Importer(815301076,1909f56bfc062723c751e8b465ee728b)
Start importing Assets/Art/rock tiles bluetint.png using Guid(bd3018a72b294e54eb29576399d34dc2) Importer(815301076,1909f56bfc062723c751e8b465ee728b)  -> (artifact id: '140d0bfaba2ad7e513574822824106d0') in 0.092645 seconds 
========================================================================
Received Import Request.
  Time since last request: 1036.400413 seconds.
  path: Assets/Art/rock tiles bluetint_0.asset
  artifactKey: Guid(340fbe594ac5b2046ae4aa03e012dc57) Importer(815301076,1909f56bfc062723c751e8b465ee728b)
Start importing Assets/Art/rock tiles bluetint_0.asset using Guid(340fbe594ac5b2046ae4aa03e012dc57) Importer(815301076,1909f56bfc062723c751e8b465ee728b)  -> (artifact id: 'b2a34286a7048a3a9baa757894409345') in 0.014040 seconds 
========================================================================
Received Import Request.
  Time since last request: 0.000192 seconds.
  path: Assets/Art/rock tiles bluetint_4.asset
  artifactKey: Guid(65fb70f825a71c74091736717f91de53) Importer(815301076,1909f56bfc062723c751e8b465ee728b)
Start importing Assets/Art/rock tiles bluetint_4.asset using Guid(65fb70f825a71c74091736717f91de53) Importer(815301076,1909f56bfc062723c751e8b465ee728b)  -> (artifact id: '69a7328d1fa9b4c86259ff094e794779') in 0.011301 seconds 
========================================================================
Received Import Request.
  Time since last request: 0.000236 seconds.
  path: Assets/Art/rock tiles bluetint_25.asset
  artifactKey: Guid(0362ddb228b6080408d5117c395843e8) Importer(815301076,1909f56bfc062723c751e8b465ee728b)
Start importing Assets/Art/rock tiles bluetint_25.asset using Guid(0362ddb228b6080408d5117c395843e8) Importer(815301076,1909f56bfc062723c751e8b465ee728b)  -> (artifact id: 'ede31381fdaa473ba4a1ae992bc1cef3') in 0.011628 seconds 
========================================================================
Received Import Request.
  Time since last request: 0.000147 seconds.
  path: Assets/Art/rock tiles bluetint_3.asset
  artifactKey: Guid(aa900eff09656cc45a591c1407387b01) Importer(815301076,1909f56bfc062723c751e8b465ee728b)
Start importing Assets/Art/rock tiles bluetint_3.asset using Guid(aa900eff09656cc45a591c1407387b01) Importer(815301076,1909f56bfc062723c751e8b465ee728b)  -> (artifact id: '8c578007d27b3abd29ab90a459c6b9da') in 0.013398 seconds 
========================================================================
Received Import Request.
  Time since last request: 0.000143 seconds.
  path: Assets/Art/rock tiles bluetint_17.asset
  artifactKey: Guid(a3e8d5f224c83344eb6b78f546da1a84) Importer(815301076,1909f56bfc062723c751e8b465ee728b)
Start importing Assets/Art/rock tiles bluetint_17.asset using Guid(a3e8d5f224c83344eb6b78f546da1a84) Importer(815301076,1909f56bfc062723c751e8b465ee728b)  -> (artifact id: 'aafda5978a23f89c8b89754f05656ab8') in 0.012722 seconds 
========================================================================
Received Import Request.
  Time since last request: 0.000145 seconds.
  path: Assets/Art/rock tiles bluetint_9.asset
  artifactKey: Guid(262ae8045dc66f848a83a83f96bea36b) Importer(815301076,1909f56bfc062723c751e8b465ee728b)
Start importing Assets/Art/rock tiles bluetint_9.asset using Guid(262ae8045dc66f848a83a83f96bea36b) Importer(815301076,1909f56bfc062723c751e8b465ee728b)  -> (artifact id: 'b39b7185625bac8627ee41a0e6fa6398') in 0.011709 seconds 
========================================================================
Received Import Request.
  Time since last request: 0.000166 seconds.
  path: Assets/Art/rock tiles bluetint_15.asset
  artifactKey: Guid(7022d92ce65d23c49bbdfef9a1f0d208) Importer(815301076,1909f56bfc062723c751e8b465ee728b)
Start importing Assets/Art/rock tiles bluetint_15.asset using Guid(7022d92ce65d23c49bbdfef9a1f0d208) Importer(815301076,1909f56bfc062723c751e8b465ee728b)  -> (artifact id: 'ee1dd579b9e081ea8d32fbdb80605aff') in 0.013054 seconds 
========================================================================
Received Import Request.
  Time since last request: 0.000230 seconds.
  path: Assets/Art/rock tiles bluetint_1.asset
  artifactKey: Guid(39c02649b9948fa4e9d2fd4ae664d026) Importer(815301076,1909f56bfc062723c751e8b465ee728b)
Start importing Assets/Art/rock tiles bluetint_1.asset using Guid(39c02649b9948fa4e9d2fd4ae664d026) Importer(815301076,1909f56bfc062723c751e8b465ee728b)  -> (artifact id: '2f65f424d1ba518da14c95709bb17aed') in 0.012351 seconds 
========================================================================
Received Import Request.
  Time since last request: 0.000225 seconds.
  path: Assets/Art/rock tiles bluetint_10.asset
  artifactKey: Guid(ab9e77ee2103ebe4ca024be342909dab) Importer(815301076,1909f56bfc062723c751e8b465ee728b)
Start importing Assets/Art/rock tiles bluetint_10.asset using Guid(ab9e77ee2103ebe4ca024be342909dab) Importer(815301076,1909f56bfc062723c751e8b465ee728b)  -> (artifact id: 'e7b94f0f6b2445d7da36a1d6e9200c94') in 0.014376 seconds 
========================================================================
Received Import Request.
  Time since last request: 0.000202 seconds.
  path: Assets/Art/rock tiles bluetint_20.asset
  artifactKey: Guid(14fc24361bf631648a1436dfaca56591) Importer(815301076,1909f56bfc062723c751e8b465ee728b)
Start importing Assets/Art/rock tiles bluetint_20.asset using Guid(14fc24361bf631648a1436dfaca56591) Importer(815301076,1909f56bfc062723c751e8b465ee728b)  -> (artifact id: 'b110ca3d5518a52d0a9f612a5f7bcfca') in 0.012491 seconds 
========================================================================
Received Import Request.
  Time since last request: 0.000136 seconds.
  path: Assets/Art/rock tiles bluetint_12.asset
  artifactKey: Guid(8afaba4847508f74f8d0ae9756d6eea4) Importer(815301076,1909f56bfc062723c751e8b465ee728b)
Start importing Assets/Art/rock tiles bluetint_12.asset using Guid(8afaba4847508f74f8d0ae9756d6eea4) Importer(815301076,1909f56bfc062723c751e8b465ee728b)  -> (artifact id: '39f4c4f7b1b1733ec58c84149a60f5ce') in 0.010879 seconds 
========================================================================
Received Import Request.
  Time since last request: 0.000175 seconds.
  path: Assets/Art/rock tiles bluetint_19.asset
  artifactKey: Guid(5063eaba2240fbb4daa9f6b1a197ccf1) Importer(815301076,1909f56bfc062723c751e8b465ee728b)
Start importing Assets/Art/rock tiles bluetint_19.asset using Guid(5063eaba2240fbb4daa9f6b1a197ccf1) Importer(815301076,1909f56bfc062723c751e8b465ee728b)  -> (artifact id: 'a8e2ff552db94b42bf1ec9a298ba1b33') in 0.010764 seconds 
========================================================================
Received Import Request.
  Time since last request: 0.000254 seconds.
  path: Assets/Art/rock tiles bluetint_8.asset
  artifactKey: Guid(d0fce00d482802446b2ea9c2c92cdc20) Importer(815301076,1909f56bfc062723c751e8b465ee728b)
Start importing Assets/Art/rock tiles bluetint_8.asset using Guid(d0fce00d482802446b2ea9c2c92cdc20) Importer(815301076,1909f56bfc062723c751e8b465ee728b)  -> (artifact id: '057eb5ebd30b0584f865125dd5ad6d75') in 0.010018 seconds 
========================================================================
Received Import Request.
  Time since last request: 0.000154 seconds.
  path: Assets/Art/rock tiles bluetint_28.asset
  artifactKey: Guid(7272bb2bc642c024c8c73537f8f96578) Importer(815301076,1909f56bfc062723c751e8b465ee728b)
Start importing Assets/Art/rock tiles bluetint_28.asset using Guid(7272bb2bc642c024c8c73537f8f96578) Importer(815301076,1909f56bfc062723c751e8b465ee728b)  -> (artifact id: 'cde464b63afdc08c11ffc026484ccd3a') in 0.011330 seconds 
========================================================================
Received Import Request.
  Time since last request: 0.000171 seconds.
  path: Assets/Art/rock tiles bluetint_24.asset
  artifactKey: Guid(5ff547589336d8048a512cc15f3d658a) Importer(815301076,1909f56bfc062723c751e8b465ee728b)
Start importing Assets/Art/rock tiles bluetint_24.asset using Guid(5ff547589336d8048a512cc15f3d658a) Importer(815301076,1909f56bfc062723c751e8b465ee728b)  -> (artifact id: 'c589df5ee72d13b7db0e12264ea79d7a') in 0.010854 seconds 
========================================================================
Received Import Request.
  Time since last request: 0.000183 seconds.
  path: Assets/Art/rock tiles bluetint_21.asset
  artifactKey: Guid(a6d069bc2ae781844b2968d9330eb0cd) Importer(815301076,1909f56bfc062723c751e8b465ee728b)
Start importing Assets/Art/rock tiles bluetint_21.asset using Guid(a6d069bc2ae781844b2968d9330eb0cd) Importer(815301076,1909f56bfc062723c751e8b465ee728b)  -> (artifact id: 'ef0b217a7facef4bf051a8b19cd76f46') in 0.009445 seconds 
========================================================================
Received Import Request.
  Time since last request: 0.000243 seconds.
  path: Assets/Art/rock tiles bluetint_13.asset
  artifactKey: Guid(4475d4ad4fec6f74ebd1e4be013b0ebe) Importer(815301076,1909f56bfc062723c751e8b465ee728b)
Start importing Assets/Art/rock tiles bluetint_13.asset using Guid(4475d4ad4fec6f74ebd1e4be013b0ebe) Importer(815301076,1909f56bfc062723c751e8b465ee728b)  -> (artifact id: 'a633b2dfcf67026b503c2ae3c0683e42') in 0.009659 seconds 
========================================================================
Received Import Request.
  Time since last request: 0.000150 seconds.
  path: Assets/Art/rock tiles bluetint_2.asset
  artifactKey: Guid(57444156d3396e546963e82e02b5b0bf) Importer(815301076,1909f56bfc062723c751e8b465ee728b)
Start importing Assets/Art/rock tiles bluetint_2.asset using Guid(57444156d3396e546963e82e02b5b0bf) Importer(815301076,1909f56bfc062723c751e8b465ee728b)  -> (artifact id: 'a99e33e53af394e3f9488ed77092bc1f') in 0.013728 seconds 
========================================================================
Received Import Request.
  Time since last request: 0.000155 seconds.
  path: Assets/Art/rock tiles bluetint_11.asset
  artifactKey: Guid(f4d6e42cbbaaadf46bf9ccc885c1408d) Importer(815301076,1909f56bfc062723c751e8b465ee728b)
Start importing Assets/Art/rock tiles bluetint_11.asset using Guid(f4d6e42cbbaaadf46bf9ccc885c1408d) Importer(815301076,1909f56bfc062723c751e8b465ee728b)  -> (artifact id: '533a7c5dec5b31dc245e0b0b2db0de5e') in 0.011648 seconds 
========================================================================
Received Import Request.
  Time since last request: 0.000133 seconds.
  path: Assets/Art/rock tiles bluetint_6.asset
  artifactKey: Guid(e6dca867bbd20d84e89ce9c054d7bfde) Importer(815301076,1909f56bfc062723c751e8b465ee728b)
Start importing Assets/Art/rock tiles bluetint_6.asset using Guid(e6dca867bbd20d84e89ce9c054d7bfde) Importer(815301076,1909f56bfc062723c751e8b465ee728b)  -> (artifact id: 'a900d4a39cf3351005868e8268668700') in 0.009529 seconds 
========================================================================
Received Import Request.
  Time since last request: 0.000171 seconds.
  path: Assets/Art/rock tiles bluetint_18.asset
  artifactKey: Guid(e15fd430495fcdd4e9ccc04b7fb7c420) Importer(815301076,1909f56bfc062723c751e8b465ee728b)
Start importing Assets/Art/rock tiles bluetint_18.asset using Guid(e15fd430495fcdd4e9ccc04b7fb7c420) Importer(815301076,1909f56bfc062723c751e8b465ee728b)  -> (artifact id: '08fbd1893abcca116fc4eb31610a64fe') in 0.008980 seconds 
========================================================================
Received Import Request.
  Time since last request: 0.000145 seconds.
  path: Assets/Art/rock tiles bluetint_16.asset
  artifactKey: Guid(311b81479de368744925079355c0677e) Importer(815301076,1909f56bfc062723c751e8b465ee728b)
Start importing Assets/Art/rock tiles bluetint_16.asset using Guid(311b81479de368744925079355c0677e) Importer(815301076,1909f56bfc062723c751e8b465ee728b)  -> (artifact id: 'b4601eb3df3a655a5786cf5c21c6d2e7') in 0.010205 seconds 
========================================================================
Received Import Request.
  Time since last request: 0.000187 seconds.
  path: Assets/Art/rock tiles bluetint_23.asset
  artifactKey: Guid(3648a661d14e1c941b711b9ab921b817) Importer(815301076,1909f56bfc062723c751e8b465ee728b)
Start importing Assets/Art/rock tiles bluetint_23.asset using Guid(3648a661d14e1c941b711b9ab921b817) Importer(815301076,1909f56bfc062723c751e8b465ee728b)  -> (artifact id: '655ebac1c934273c76374fb36401b11d') in 0.010342 seconds 
========================================================================
Received Import Request.
  Time since last request: 0.000158 seconds.
  path: Assets/Art/rock tiles bluetint_26.asset
  artifactKey: Guid(af1e7eadc5c46104b9f9270db27288c4) Importer(815301076,1909f56bfc062723c751e8b465ee728b)
Start importing Assets/Art/rock tiles bluetint_26.asset using Guid(af1e7eadc5c46104b9f9270db27288c4) Importer(815301076,1909f56bfc062723c751e8b465ee728b)  -> (artifact id: 'a077cf143b7016462c8e54af0328d77d') in 0.010647 seconds 
========================================================================
Received Import Request.
  Time since last request: 0.000154 seconds.
  path: Assets/Art/rock tiles bluetint_27.asset
  artifactKey: Guid(a87da96a3a6a305478bc7f9c3e5962c4) Importer(815301076,1909f56bfc062723c751e8b465ee728b)
Start importing Assets/Art/rock tiles bluetint_27.asset using Guid(a87da96a3a6a305478bc7f9c3e5962c4) Importer(815301076,1909f56bfc062723c751e8b465ee728b)  -> (artifact id: 'e74f54c7e2a1a160a8cc42df5eb2de35') in 0.009340 seconds 
========================================================================
Received Import Request.
  Time since last request: 0.000171 seconds.
  path: Assets/Art/rock tiles bluetint_22.asset
  artifactKey: Guid(233431dc093da3d499f3b3459791068e) Importer(815301076,1909f56bfc062723c751e8b465ee728b)
Start importing Assets/Art/rock tiles bluetint_22.asset using Guid(233431dc093da3d499f3b3459791068e) Importer(815301076,1909f56bfc062723c751e8b465ee728b)  -> (artifact id: 'ae786d7a563dbb1473c8b0d5f34ae100') in 0.011526 seconds 
========================================================================
Received Import Request.
  Time since last request: 0.000150 seconds.
  path: Assets/Art/rock tiles bluetint_14.asset
  artifactKey: Guid(97b537f4b92c0b440a8c6edad63ae262) Importer(815301076,1909f56bfc062723c751e8b465ee728b)
Start importing Assets/Art/rock tiles bluetint_14.asset using Guid(97b537f4b92c0b440a8c6edad63ae262) Importer(815301076,1909f56bfc062723c751e8b465ee728b)  -> (artifact id: 'ecdbf9d879832ec524d23164e72d18e5') in 0.010435 seconds 
========================================================================
Received Import Request.
  Time since last request: 0.000166 seconds.
  path: Assets/Art/rock tiles bluetint_7.asset
  artifactKey: Guid(6844cc99a10d4a34cb85fbfdec70ecdb) Importer(815301076,1909f56bfc062723c751e8b465ee728b)
Start importing Assets/Art/rock tiles bluetint_7.asset using Guid(6844cc99a10d4a34cb85fbfdec70ecdb) Importer(815301076,1909f56bfc062723c751e8b465ee728b)  -> (artifact id: 'ca2df976ec42e4fb93e4c5530cc2b9c2') in 0.009782 seconds 
========================================================================
Received Import Request.
  Time since last request: 0.000225 seconds.
  path: Assets/Art/rock tiles bluetint_5.asset
  artifactKey: Guid(b2ad36684aebc4e4fb9e78f6383f974b) Importer(815301076,1909f56bfc062723c751e8b465ee728b)
Start importing Assets/Art/rock tiles bluetint_5.asset using Guid(b2ad36684aebc4e4fb9e78f6383f974b) Importer(815301076,1909f56bfc062723c751e8b465ee728b)  -> (artifact id: '1a71e1c248a6dd022bfacc0a5e250e44') in 0.009514 seconds 
========================================================================
Received Import Request.
  Time since last request: 10.895074 seconds.
  path: Assets/Art/rock tiles bluetint_29.asset
  artifactKey: Guid(43a5ef4a1132b004f8f19ec41dd95ef5) Importer(815301076,1909f56bfc062723c751e8b465ee728b)
Start importing Assets/Art/rock tiles bluetint_29.asset using Guid(43a5ef4a1132b004f8f19ec41dd95ef5) Importer(815301076,1909f56bfc062723c751e8b465ee728b)  -> (artifact id: '5d604fa1ef6693c93c09e661b859febb') in 0.010790 seconds 
========================================================================
Received Import Request.
  Time since last request: 0.000181 seconds.
  path: Assets/Art/rock tiles bluetint_34.asset
  artifactKey: Guid(664f69f40c2ec694586e57127586c1f5) Importer(815301076,1909f56bfc062723c751e8b465ee728b)
Start importing Assets/Art/rock tiles bluetint_34.asset using Guid(664f69f40c2ec694586e57127586c1f5) Importer(815301076,1909f56bfc062723c751e8b465ee728b)  -> (artifact id: '18bb9bf5f6faae6453daa409ce79e5ce') in 0.010517 seconds 
========================================================================
Received Import Request.
  Time since last request: 0.000263 seconds.
  path: Assets/Art/rock tiles bluetint_37.asset
  artifactKey: Guid(44b8ec221a4bfa34aafaeab03db6cfe6) Importer(815301076,1909f56bfc062723c751e8b465ee728b)
Start importing Assets/Art/rock tiles bluetint_37.asset using Guid(44b8ec221a4bfa34aafaeab03db6cfe6) Importer(815301076,1909f56bfc062723c751e8b465ee728b)  -> (artifact id: 'd9937de2fd451b8bbba8c7aa6b032afb') in 0.010320 seconds 
========================================================================
Received Import Request.
  Time since last request: 0.000191 seconds.
  path: Assets/Art/rock tiles bluetint_33.asset
  artifactKey: Guid(25ec6902f16c7f4449b9d6f02fabade4) Importer(815301076,1909f56bfc062723c751e8b465ee728b)
Start importing Assets/Art/rock tiles bluetint_33.asset using Guid(25ec6902f16c7f4449b9d6f02fabade4) Importer(815301076,1909f56bfc062723c751e8b465ee728b)  -> (artifact id: '791779031160f9171cdebee7389a55b3') in 0.010105 seconds 
========================================================================
Received Import Request.
  Time since last request: 0.000253 seconds.
  path: Assets/Art/rock tiles bluetint_38.asset
  artifactKey: Guid(a0c82d36cfa9626418eb2ba8a993a346) Importer(815301076,1909f56bfc062723c751e8b465ee728b)
Start importing Assets/Art/rock tiles bluetint_38.asset using Guid(a0c82d36cfa9626418eb2ba8a993a346) Importer(815301076,1909f56bfc062723c751e8b465ee728b)  -> (artifact id: '4d002efc3ebd38a37edaedc32d1d55cc') in 0.009771 seconds 
========================================================================
Received Import Request.
  Time since last request: 0.000205 seconds.
  path: Assets/Art/rock tiles bluetint_30.asset
  artifactKey: Guid(f28969d9ca933244689b30c5364b552a) Importer(815301076,1909f56bfc062723c751e8b465ee728b)
Start importing Assets/Art/rock tiles bluetint_30.asset using Guid(f28969d9ca933244689b30c5364b552a) Importer(815301076,1909f56bfc062723c751e8b465ee728b)  -> (artifact id: 'd40fb388fe81d41e875544f30549d6a2') in 0.011617 seconds 
========================================================================
Received Import Request.
  Time since last request: 0.000175 seconds.
  path: Assets/Art/rock tiles bluetint_31.asset
  artifactKey: Guid(129e6aa413e8e174593dc965eed14acd) Importer(815301076,1909f56bfc062723c751e8b465ee728b)
Start importing Assets/Art/rock tiles bluetint_31.asset using Guid(129e6aa413e8e174593dc965eed14acd) Importer(815301076,1909f56bfc062723c751e8b465ee728b)  -> (artifact id: 'c0089230d87f07e5d3dadee2558b650e') in 0.010185 seconds 
========================================================================
Received Import Request.
  Time since last request: 0.000142 seconds.
  path: Assets/Art/rock tiles bluetint_36.asset
  artifactKey: Guid(81373fc560cb47a48a91f5e294b44c33) Importer(815301076,1909f56bfc062723c751e8b465ee728b)
Start importing Assets/Art/rock tiles bluetint_36.asset using Guid(81373fc560cb47a48a91f5e294b44c33) Importer(815301076,1909f56bfc062723c751e8b465ee728b)  -> (artifact id: '2ea281af83dbb736d7294444a362d1b8') in 0.010786 seconds 
========================================================================
Received Import Request.
  Time since last request: 0.000127 seconds.
  path: Assets/Art/rock tiles bluetint_32.asset
  artifactKey: Guid(550a6d97473f4904390226553a35812b) Importer(815301076,1909f56bfc062723c751e8b465ee728b)
Start importing Assets/Art/rock tiles bluetint_32.asset using Guid(550a6d97473f4904390226553a35812b) Importer(815301076,1909f56bfc062723c751e8b465ee728b)  -> (artifact id: 'd29a986ad95a41a16a51bddf8f2c0663') in 0.010433 seconds 
========================================================================
Received Import Request.
  Time since last request: 0.000191 seconds.
  path: Assets/Art/rock tiles bluetint_35.asset
  artifactKey: Guid(88aad2c8c368acc4a97d66ac790a4bed) Importer(815301076,1909f56bfc062723c751e8b465ee728b)
Start importing Assets/Art/rock tiles bluetint_35.asset using Guid(88aad2c8c368acc4a97d66ac790a4bed) Importer(815301076,1909f56bfc062723c751e8b465ee728b)  -> (artifact id: '57a90aebd939f525031b4897f19aa0ab') in 0.010470 seconds 
========================================================================
Received Import Request.
  Time since last request: 3.591989 seconds.
  path: Assets/Art/rock tiles bluetint_39.asset
  artifactKey: Guid(b0ee8e09211c4114b8a038599f02bc45) Importer(815301076,1909f56bfc062723c751e8b465ee728b)
Start importing Assets/Art/rock tiles bluetint_39.asset using Guid(b0ee8e09211c4114b8a038599f02bc45) Importer(815301076,1909f56bfc062723c751e8b465ee728b)  -> (artifact id: 'bd9bc2c4626717969b62da1c8387bd45') in 0.011001 seconds 
========================================================================
Received Import Request.
  Time since last request: 0.000149 seconds.
  path: Assets/Art/rock tiles bluetint_40.asset
  artifactKey: Guid(aacaa6b65674ff44a8d51615c3ac0964) Importer(815301076,1909f56bfc062723c751e8b465ee728b)
Start importing Assets/Art/rock tiles bluetint_40.asset using Guid(aacaa6b65674ff44a8d51615c3ac0964) Importer(815301076,1909f56bfc062723c751e8b465ee728b)  -> (artifact id: 'cfc85d85efe8494084ec2d942bc0ff5f') in 0.009479 seconds 
========================================================================
Received Import Request.
  Time since last request: 0.000171 seconds.
  path: Assets/Art/rock tiles bluetint_42.asset
  artifactKey: Guid(4cc1b100967abb94b977b669be60b5d3) Importer(815301076,1909f56bfc062723c751e8b465ee728b)
Start importing Assets/Art/rock tiles bluetint_42.asset using Guid(4cc1b100967abb94b977b669be60b5d3) Importer(815301076,1909f56bfc062723c751e8b465ee728b)  -> (artifact id: 'f3f1dee9018386b99079ebb19fc45681') in 0.010687 seconds 
========================================================================
Received Import Request.
  Time since last request: 0.000156 seconds.
  path: Assets/Art/rock tiles bluetint_41.asset
  artifactKey: Guid(575df7210feacc443ae0df1d35c1eaf0) Importer(815301076,1909f56bfc062723c751e8b465ee728b)
Start importing Assets/Art/rock tiles bluetint_41.asset using Guid(575df7210feacc443ae0df1d35c1eaf0) Importer(815301076,1909f56bfc062723c751e8b465ee728b)  -> (artifact id: 'd07326a4026fab6f5c08ea1dbe95c716') in 0.010955 seconds 
========================================================================
Received Import Request.
  Time since last request: 0.002528 seconds.
  path: Assets/Art/rock tiles bluetint_43.asset
  artifactKey: Guid(bc763895f54b16b46a19fbb45dc2db93) Importer(815301076,1909f56bfc062723c751e8b465ee728b)
Start importing Assets/Art/rock tiles bluetint_43.asset using Guid(bc763895f54b16b46a19fbb45dc2db93) Importer(815301076,1909f56bfc062723c751e8b465ee728b)  -> (artifact id: '60bba9fc6de4a215f6d5577a278449f3') in 0.009201 seconds 
========================================================================
Received Import Request.
  Time since last request: 0.000278 seconds.
  path: Assets/Art/rock tiles bluetint_45.asset
  artifactKey: Guid(921137dc083d07842a9963625408a233) Importer(815301076,1909f56bfc062723c751e8b465ee728b)
Start importing Assets/Art/rock tiles bluetint_45.asset using Guid(921137dc083d07842a9963625408a233) Importer(815301076,1909f56bfc062723c751e8b465ee728b)  -> (artifact id: '59f8178fd00a2ce91d9cdb0279f56a5d') in 0.009836 seconds 
========================================================================
Received Import Request.
  Time since last request: 0.000139 seconds.
  path: Assets/Art/rock tiles bluetint_44.asset
  artifactKey: Guid(c001daccbd88db947b3ab8b047fe2725) Importer(815301076,1909f56bfc062723c751e8b465ee728b)
Start importing Assets/Art/rock tiles bluetint_44.asset using Guid(c001daccbd88db947b3ab8b047fe2725) Importer(815301076,1909f56bfc062723c751e8b465ee728b)  -> (artifact id: '94353d8b499e2ebf811201fad2dc8c86') in 0.010113 seconds 
========================================================================
Received Import Request.
  Time since last request: 0.000189 seconds.
  path: Assets/Art/rock tiles bluetint_47.asset
  artifactKey: Guid(856e1bb165d33db419b061d02496605d) Importer(815301076,1909f56bfc062723c751e8b465ee728b)
Start importing Assets/Art/rock tiles bluetint_47.asset using Guid(856e1bb165d33db419b061d02496605d) Importer(815301076,1909f56bfc062723c751e8b465ee728b)  -> (artifact id: '78d04989fe1160311be70cfb1396303b') in 0.010580 seconds 
========================================================================
Received Import Request.
  Time since last request: 0.000187 seconds.
  path: Assets/Art/rock tiles bluetint_46.asset
  artifactKey: Guid(1daa44f6ce22163468751a48f13250b4) Importer(815301076,1909f56bfc062723c751e8b465ee728b)
Start importing Assets/Art/rock tiles bluetint_46.asset using Guid(1daa44f6ce22163468751a48f13250b4) Importer(815301076,1909f56bfc062723c751e8b465ee728b)  -> (artifact id: '49a09d63e69c94e08f7b4771ac0483b7') in 0.009964 seconds 
========================================================================
Received Import Request.
  Time since last request: 0.000220 seconds.
  path: Assets/Art/rock tiles bluetint_48.asset
  artifactKey: Guid(0a8590416bec7e44e9cfa90d90c9962a) Importer(815301076,1909f56bfc062723c751e8b465ee728b)
Start importing Assets/Art/rock tiles bluetint_48.asset using Guid(0a8590416bec7e44e9cfa90d90c9962a) Importer(815301076,1909f56bfc062723c751e8b465ee728b)  -> (artifact id: '6678089e655386f5e7fbc024644da45d') in 0.011369 seconds 
========================================================================
Received Import Request.
  Time since last request: 25.275868 seconds.
  path: Assets/Art/rock tiles pinktint.png
  artifactKey: Guid(4875bd6877056b94aa61a29abead9770) Importer(815301076,1909f56bfc062723c751e8b465ee728b)
Start importing Assets/Art/rock tiles pinktint.png using Guid(4875bd6877056b94aa61a29abead9770) Importer(815301076,1909f56bfc062723c751e8b465ee728b)  -> (artifact id: '2a434f9a3d2d0b897681bfa26bc2a071') in 0.010110 seconds 
========================================================================
Received Import Request.
  Time since last request: 28.253248 seconds.
  path: Assets/Art/rock tiles pinktint.png
  artifactKey: Guid(4875bd6877056b94aa61a29abead9770) Importer(815301076,1909f56bfc062723c751e8b465ee728b)
Start importing Assets/Art/rock tiles pinktint.png using Guid(4875bd6877056b94aa61a29abead9770) Importer(815301076,1909f56bfc062723c751e8b465ee728b)  -> (artifact id: 'bd7e61e5ca40d09d32df3888264635de') in 0.121598 seconds 
========================================================================
Received Import Request.
  Time since last request: 64.981634 seconds.
  path: Assets/Art/pink slope.png
  artifactKey: Guid(235a41380758aa44aad869f48fa80b94) Importer(815301076,1909f56bfc062723c751e8b465ee728b)
Start importing Assets/Art/pink slope.png using Guid(235a41380758aa44aad869f48fa80b94) Importer(815301076,1909f56bfc062723c751e8b465ee728b)  -> (artifact id: '1cf85fd51d5e4f4406f68ae4ea4d172d') in 0.011571 seconds 
========================================================================
Received Import Request.
  Time since last request: 13.234023 seconds.
  path: Assets/Art/pink slope.png
  artifactKey: Guid(235a41380758aa44aad869f48fa80b94) Importer(815301076,1909f56bfc062723c751e8b465ee728b)
Start importing Assets/Art/pink slope.png using Guid(235a41380758aa44aad869f48fa80b94) Importer(815301076,1909f56bfc062723c751e8b465ee728b)  -> (artifact id: 'e1846c72010838e476cb25c7990b8711') in 0.009398 seconds 
========================================================================
Received Import Request.
  Time since last request: 18.314546 seconds.
  path: Assets/Art/pink slope.png
  artifactKey: Guid(235a41380758aa44aad869f48fa80b94) Importer(815301076,1909f56bfc062723c751e8b465ee728b)
Start importing Assets/Art/pink slope.png using Guid(235a41380758aa44aad869f48fa80b94) Importer(815301076,1909f56bfc062723c751e8b465ee728b)  -> (artifact id: '94863fcd3a998853fd6ac27b5adb6b5c') in 0.024628 seconds 
========================================================================
Received Import Request.
  Time since last request: 168.191111 seconds.
  path: Assets/Art/pink slope.png
  artifactKey: Guid(235a41380758aa44aad869f48fa80b94) Importer(815301076,1909f56bfc062723c751e8b465ee728b)
Start importing Assets/Art/pink slope.png using Guid(235a41380758aa44aad869f48fa80b94) Importer(815301076,1909f56bfc062723c751e8b465ee728b)  -> (artifact id: 'acccc03f28a9ad968046cf4e4a40e302') in 0.016535 seconds 
========================================================================
Received Import Request.
  Time since last request: 779.596004 seconds.
  path: Assets/Art/rock tiles pinktint.png
  artifactKey: Guid(4875bd6877056b94aa61a29abead9770) Importer(815301076,1909f56bfc062723c751e8b465ee728b)
Start importing Assets/Art/rock tiles pinktint.png using Guid(4875bd6877056b94aa61a29abead9770) Importer(815301076,1909f56bfc062723c751e8b465ee728b)  -> (artifact id: '3dc9f924026d96238536bb51bf0bf70c') in 0.064208 seconds 
========================================================================
Received Import Request.
  Time since last request: 25.560374 seconds.
  path: Assets/Art/rock tiles greentint.png
  artifactKey: Guid(08e6e7d77b7207a428ffb9904386ca7c) Importer(815301076,1909f56bfc062723c751e8b465ee728b)
Start importing Assets/Art/rock tiles greentint.png using Guid(08e6e7d77b7207a428ffb9904386ca7c) Importer(815301076,1909f56bfc062723c751e8b465ee728b)  -> (artifact id: 'de3ac274d0f28d45f8b35c8e450d2351') in 0.009140 seconds 
========================================================================
Received Import Request.
  Time since last request: 27.993555 seconds.
  path: Assets/Art/rock tiles greentint.png
  artifactKey: Guid(08e6e7d77b7207a428ffb9904386ca7c) Importer(815301076,1909f56bfc062723c751e8b465ee728b)
Start importing Assets/Art/rock tiles greentint.png using Guid(08e6e7d77b7207a428ffb9904386ca7c) Importer(815301076,1909f56bfc062723c751e8b465ee728b)  -> (artifact id: 'fd990d785e1684d72283517343384413') in 0.148780 seconds 
========================================================================
Received Import Request.
  Time since last request: 134.539052 seconds.
  path: Assets/Art/slopes.png
  artifactKey: Guid(6733630222e02714c9c968ff06576e42) Importer(815301076,1909f56bfc062723c751e8b465ee728b)
Start importing Assets/Art/slopes.png using Guid(6733630222e02714c9c968ff06576e42) Importer(815301076,1909f56bfc062723c751e8b465ee728b)  -> (artifact id: 'e5bf4d8d9f544805695b498da570f541') in 0.015447 seconds 
========================================================================
Received Import Request.
  Time since last request: 731.981718 seconds.
  path: Assets/Art/rock tiles yellowtint.png
  artifactKey: Guid(b612ac11fdea3a742805b89e354968d5) Importer(815301076,1909f56bfc062723c751e8b465ee728b)
Start importing Assets/Art/rock tiles yellowtint.png using Guid(b612ac11fdea3a742805b89e354968d5) Importer(815301076,1909f56bfc062723c751e8b465ee728b)  -> (artifact id: 'edcd3cce8dbbfeeae6154a07e6b92840') in 0.096976 seconds 
========================================================================
Received Import Request.
  Time since last request: 37.412798 seconds.
  path: Assets/Art/rock tiles yellowtint.png
  artifactKey: Guid(b612ac11fdea3a742805b89e354968d5) Importer(815301076,1909f56bfc062723c751e8b465ee728b)
Start importing Assets/Art/rock tiles yellowtint.png using Guid(b612ac11fdea3a742805b89e354968d5) Importer(815301076,1909f56bfc062723c751e8b465ee728b)  -> (artifact id: '978b639ce8d27d9c867b59df06eccb31') in 0.087630 seconds 
========================================================================
Received Import Request.
  Time since last request: 31.986262 seconds.
  path: Assets/Art/rock tiles yellowtint.png
  artifactKey: Guid(b612ac11fdea3a742805b89e354968d5) Importer(815301076,1909f56bfc062723c751e8b465ee728b)
Start importing Assets/Art/rock tiles yellowtint.png using Guid(b612ac11fdea3a742805b89e354968d5) Importer(815301076,1909f56bfc062723c751e8b465ee728b)  -> (artifact id: '3f1ef497b029b33930a15d4a4103146f') in 0.088733 seconds 
========================================================================
Received Import Request.
  Time since last request: 37.877068 seconds.
  path: Assets/Art/yellow slopes.png
  artifactKey: Guid(3ffbc967adde84047909a7b88673a291) Importer(815301076,1909f56bfc062723c751e8b465ee728b)
Start importing Assets/Art/yellow slopes.png using Guid(3ffbc967adde84047909a7b88673a291) Importer(815301076,1909f56bfc062723c751e8b465ee728b)  -> (artifact id: '845a6bfc21c091a659f4245f24a2db0f') in 0.016171 seconds 
========================================================================
Received Import Request.
  Time since last request: 168.245291 seconds.
  path: Assets/Art/green slopes.png
  artifactKey: Guid(a7893beef692ec14b85bb52fd6c94931) Importer(815301076,1909f56bfc062723c751e8b465ee728b)
Start importing Assets/Art/green slopes.png using Guid(a7893beef692ec14b85bb52fd6c94931) Importer(815301076,1909f56bfc062723c751e8b465ee728b)  -> (artifact id: 'fef8ae1d26d953ef09fc0439f86c15e5') in 0.013780 seconds 
========================================================================
Received Import Request.
  Time since last request: 4.851839 seconds.
  path: Assets/Art/slopes.png
  artifactKey: Guid(6733630222e02714c9c968ff06576e42) Importer(815301076,1909f56bfc062723c751e8b465ee728b)
Start importing Assets/Art/slopes.png using Guid(6733630222e02714c9c968ff06576e42) Importer(815301076,1909f56bfc062723c751e8b465ee728b)  -> (artifact id: '53c9df2a57469922b9d87c15b1f4cf9a') in 0.013559 seconds 
========================================================================
Received Import Request.
  Time since last request: 13.258684 seconds.
  path: Assets/Art/green slopes.png
  artifactKey: Guid(a7893beef692ec14b85bb52fd6c94931) Importer(815301076,1909f56bfc062723c751e8b465ee728b)
Start importing Assets/Art/green slopes.png using Guid(a7893beef692ec14b85bb52fd6c94931) Importer(815301076,1909f56bfc062723c751e8b465ee728b)  -> (artifact id: '33d53dda00e062fd3f5dc5eb11d66af9') in 0.009541 seconds 
========================================================================
Received Import Request.
  Time since last request: 25.186285 seconds.
  path: Assets/Art/green slopes.png
  artifactKey: Guid(a7893beef692ec14b85bb52fd6c94931) Importer(815301076,1909f56bfc062723c751e8b465ee728b)
Start importing Assets/Art/green slopes.png using Guid(a7893beef692ec14b85bb52fd6c94931) Importer(815301076,1909f56bfc062723c751e8b465ee728b)  -> (artifact id: '36198f562d8e3032416c2cd73b3bc184') in 0.028456 seconds 
========================================================================
Received Prepare
Shader 'Universal Render Pipeline/Particles/Lit': fallback shader 'Universal Render Pipeline/Particles/SimpleLit' not found
Refreshing native plugins compatible for Editor in 1.96 ms, found 1 plugins.
Preloading 0 native plugins for Editor in 0.00 ms.
Unloading 8 Unused Serialized files (Serialized files now loaded: 0)
System memory in use before: 79.9 MB.
System memory in use after: 80.1 MB.

Unloading 8 unused Assets to reduce memory usage. Loaded Objects now: 3914.
Total: 6.246900 ms (FindLiveObjects: 0.530700 ms CreateObjectMapping: 0.225400 ms MarkObjects: 5.429500 ms  DeleteObjects: 0.060300 ms)

========================================================================
Received Import Request.
  Time since last request: 12967.916123 seconds.
  path: Assets/Prefabs/blue pickup.prefab
  artifactKey: Guid(07c714bc9fb38a646858cb24c677b06d) Importer(815301076,1909f56bfc062723c751e8b465ee728b)
Start importing Assets/Prefabs/blue pickup.prefab using Guid(07c714bc9fb38a646858cb24c677b06d) Importer(815301076,1909f56bfc062723c751e8b465ee728b)  -> (artifact id: 'cf3b82b0a310b95428e0c3791ba92c3e') in 0.123636 seconds 
========================================================================
Received Import Request.
  Time since last request: 0.000263 seconds.
  path: Assets/Prefabs/red pickup.prefab
  artifactKey: Guid(5390013268c98c74f9534e18bc050f37) Importer(815301076,1909f56bfc062723c751e8b465ee728b)
Start importing Assets/Prefabs/red pickup.prefab using Guid(5390013268c98c74f9534e18bc050f37) Importer(815301076,1909f56bfc062723c751e8b465ee728b)  -> (artifact id: '2ae911112448b08b9b645d1f27afb19d') in 0.028503 seconds 
========================================================================
Received Import Request.
  Time since last request: 9.259865 seconds.
  path: Assets/Scripts/text.cs
  artifactKey: Guid(4e0e7371f44a5ed409a63c3999ffd564) Importer(815301076,1909f56bfc062723c751e8b465ee728b)
Start importing Assets/Scripts/text.cs using Guid(4e0e7371f44a5ed409a63c3999ffd564) Importer(815301076,1909f56bfc062723c751e8b465ee728b)  -> (artifact id: '525a53911d0696ad6ce336908eae4d77') in 0.013311 seconds 
========================================================================
Received Prepare
Registering precompiled user dll's ...
Registered in 0.001321 seconds.
Begin MonoManager ReloadAssembly
Native extension for WindowsStandalone target not found
Refreshing native plugins compatible for Editor in 0.55 ms, found 1 plugins.
Preloading 0 native plugins for Editor in 0.00 ms.
Mono: successfully reloaded assembly
- Completed reload, in  0.985 seconds
Platform modules already initialized, skipping
Shader 'Universal Render Pipeline/Particles/Lit': fallback shader 'Universal Render Pipeline/Particles/SimpleLit' not found
Refreshing native plugins compatible for Editor in 0.54 ms, found 1 plugins.
Preloading 0 native plugins for Editor in 0.00 ms.
Unloading 3352 Unused Serialized files (Serialized files now loaded: 0)
System memory in use before: 160.0 MB.
System memory in use after: 160.2 MB.

Unloading 10 unused Assets to reduce memory usage. Loaded Objects now: 4347.
Total: 3.397800 ms (FindLiveObjects: 0.721000 ms CreateObjectMapping: 0.420100 ms MarkObjects: 2.199800 ms  DeleteObjects: 0.055500 ms)

========================================================================
Received Import Request.
  Time since last request: 36.784254 seconds.
  path: Assets/Scripts/text.cs
  artifactKey: Guid(4e0e7371f44a5ed409a63c3999ffd564) Importer(815301076,1909f56bfc062723c751e8b465ee728b)
Start importing Assets/Scripts/text.cs using Guid(4e0e7371f44a5ed409a63c3999ffd564) Importer(815301076,1909f56bfc062723c751e8b465ee728b)  -> (artifact id: 'dbcaed4cd0d64c16ae782b6f820b7a16') in 0.022190 seconds 
========================================================================
Received Prepare
Registering precompiled user dll's ...
Registered in 0.001465 seconds.
Begin MonoManager ReloadAssembly
Native extension for WindowsStandalone target not found
Refreshing native plugins compatible for Editor in 0.58 ms, found 1 plugins.
Preloading 0 native plugins for Editor in 0.00 ms.
Mono: successfully reloaded assembly
- Completed reload, in  0.846 seconds
Platform modules already initialized, skipping
Shader 'Universal Render Pipeline/Particles/Lit': fallback shader 'Universal Render Pipeline/Particles/SimpleLit' not found
Refreshing native plugins compatible for Editor in 0.55 ms, found 1 plugins.
Preloading 0 native plugins for Editor in 0.00 ms.
Unloading 3342 Unused Serialized files (Serialized files now loaded: 0)
System memory in use before: 159.7 MB.
System memory in use after: 159.9 MB.

Unloading 11 unused Assets to reduce memory usage. Loaded Objects now: 4350.
Total: 2.643800 ms (FindLiveObjects: 0.294800 ms CreateObjectMapping: 0.185900 ms MarkObjects: 2.109300 ms  DeleteObjects: 0.053300 ms)

AssetImportWorkerClient::OnTransportError - code=2 error=End of file
