Using pre-set license
Built from '2020.2/staging' branch; Version is '2020.2.7f1 (c53830e277f1) revision 12924976'; Using compiler version '192528614'; Build Type 'Release'
OS: 'Windows 10 Home; OS build 19042.928; Version 2009; 64bit' Language: 'en' Physical Memory: 16252 MB
BatchMode: 1, IsHumanControllingUs: 0, StartBugReporterOnCrash: 0, Is64bit: 1, IsPro: 0

 COMMAND LINE ARGUMENTS:
C:\programmes\Unity Editor versions\2020.2.7f1\Editor\Unity.exe
-adb2
-batchMode
-noUpm
-name
AssetImportWorker0
-projectPath
C:/Users/regar/Documents/GitHub/vision-ctrlcookie/Visionn
-logFile
Logs/AssetImportWorker0.log
-srvPort
60243
Successfully changed project path to: C:/Users/regar/Documents/GitHub/vision-ctrlcookie/Visionn
C:/Users/regar/Documents/GitHub/vision-ctrlcookie/Visionn
Using Asset Import Pipeline V2.
Refreshing native plugins compatible for Editor in 52.02 ms, found 1 plugins.
Preloading 0 native plugins for Editor in 0.00 ms.
Initialize engine version: 2020.2.7f1 (c53830e277f1)
[Subsystems] Discovering subsystems at path C:/programmes/Unity Editor versions/2020.2.7f1/Editor/Data/Resources/UnitySubsystems
[Subsystems] Discovering subsystems at path C:/Users/regar/Documents/GitHub/vision-ctrlcookie/Visionn/Assets
GfxDevice: creating device client; threaded=0
Direct3D:
    Version:  Direct3D 11.0 [level 11.1]
    Renderer: NVIDIA GeForce GTX 1660 Ti (ID=0x2191)
    Vendor:   
    VRAM:     5991 MB
    Driver:   27.21.14.5256
Initialize mono
Mono path[0] = 'C:/programmes/Unity Editor versions/2020.2.7f1/Editor/Data/Managed'
Mono path[1] = 'C:/programmes/Unity Editor versions/2020.2.7f1/Editor/Data/MonoBleedingEdge/lib/mono/unityjit'
Mono config path = 'C:/programmes/Unity Editor versions/2020.2.7f1/Editor/Data/MonoBleedingEdge/etc'
Using monoOptions --debugger-agent=transport=dt_socket,embedding=1,server=y,suspend=n,address=127.0.0.1:56060
Begin MonoManager ReloadAssembly
Registering precompiled unity dll's ...
Register platform support module: C:/programmes/Unity Editor versions/2020.2.7f1/Editor/Data/PlaybackEngines/WindowsStandaloneSupport/UnityEditor.WindowsStandalone.Extensions.dll
Registered in 0.002338 seconds.
Native extension for WindowsStandalone target not found
Refreshing native plugins compatible for Editor in 47.80 ms, found 1 plugins.
Preloading 0 native plugins for Editor in 0.00 ms.
Invoked RoslynAnalysisRunner static constructor.
RoslynAnalysisRunner will not be running.
RoslynAnalysisRunner has terminated.
Mono: successfully reloaded assembly
- Completed reload, in  1.386 seconds
Platform modules already initialized, skipping
Registering precompiled user dll's ...
Registered in 0.001140 seconds.
Begin MonoManager ReloadAssembly
Native extension for WindowsStandalone target not found
Refreshing native plugins compatible for Editor in 47.69 ms, found 1 plugins.
Preloading 0 native plugins for Editor in 0.00 ms.
Invoked RoslynAnalysisRunner static constructor.
RoslynAnalysisRunner will not be running.
RoslynAnalysisRunner has terminated.
Mono: successfully reloaded assembly
- Completed reload, in  1.208 seconds
Platform modules already initialized, skipping
========================================================================
Worker process is ready to serve import requests
Launched and connected shader compiler UnityShaderCompiler.exe after 0.05 seconds
Refreshing native plugins compatible for Editor in 0.73 ms, found 1 plugins.
Preloading 0 native plugins for Editor in 0.00 ms.
Unloading 1806 Unused Serialized files (Serialized files now loaded: 0)
System memory in use before: 84.8 MB.
System memory in use after: 84.8 MB.

Unloading 21 unused Assets to reduce memory usage. Loaded Objects now: 2251.
Total: 2.498700 ms (FindLiveObjects: 0.282900 ms CreateObjectMapping: 0.109600 ms MarkObjects: 2.002200 ms  DeleteObjects: 0.102300 ms)

========================================================================
Received Import Request.
  path: Assets/Art/floweis.png
  artifactKey: Guid(7f0bdf46700ace8419b2d0e744f339ff) Importer(815301076,1909f56bfc062723c751e8b465ee728b)
Start importing Assets/Art/floweis.png using Guid(7f0bdf46700ace8419b2d0e744f339ff) Importer(815301076,1909f56bfc062723c751e8b465ee728b)  -> (artifact id: '726ce63e7ef82851ff5302eb7ec21a02') in 0.194370 seconds
  Import took 0.198558 seconds .

========================================================================
Received Import Request.
  Time since last request: 0.000259 seconds.
  path: Assets/Art/roccos.png
  artifactKey: Guid(e2ff9927f79deb54db382838d6cc6b7c) Importer(815301076,1909f56bfc062723c751e8b465ee728b)
Start importing Assets/Art/roccos.png using Guid(e2ff9927f79deb54db382838d6cc6b7c) Importer(815301076,1909f56bfc062723c751e8b465ee728b)  -> (artifact id: '2d51a9edd9d24337a85268a1f0130858') in 0.019702 seconds
  Import took 0.024277 seconds .

========================================================================
Received Import Request.
  Time since last request: 0.000778 seconds.
  path: Assets/Art/roccos.png
  artifactKey: Guid(e2ff9927f79deb54db382838d6cc6b7c) Importer(815301076,1909f56bfc062723c751e8b465ee728b)
Start importing Assets/Art/roccos.png using Guid(e2ff9927f79deb54db382838d6cc6b7c) Importer(815301076,1909f56bfc062723c751e8b465ee728b)  -> (artifact id: '2d51a9edd9d24337a85268a1f0130858') in 0.010848 seconds
  Import took 0.014760 seconds .

========================================================================
Received Import Request.
  Time since last request: 242.961158 seconds.
  path: Assets/Art/devil sprite idle.png
  artifactKey: Guid(4fca3caac27b29b4c85103215c140839) Importer(815301076,1909f56bfc062723c751e8b465ee728b)
Start importing Assets/Art/devil sprite idle.png using Guid(4fca3caac27b29b4c85103215c140839) Importer(815301076,1909f56bfc062723c751e8b465ee728b)  -> (artifact id: 'a06c90e8ad4c3bd0dede790d17d2030c') in 0.022129 seconds
  Import took 0.026780 seconds .

========================================================================
Received Import Request.
  Time since last request: 0.000314 seconds.
  path: Assets/Art/devil sprite run.png
  artifactKey: Guid(28ea61e2d6a05e24a938af31764f9d1f) Importer(815301076,1909f56bfc062723c751e8b465ee728b)
Start importing Assets/Art/devil sprite run.png using Guid(28ea61e2d6a05e24a938af31764f9d1f) Importer(815301076,1909f56bfc062723c751e8b465ee728b)  -> (artifact id: '73bad6ea6d599c0c0832514ed2ed6fe7') in 0.024072 seconds
  Import took 0.028147 seconds .

========================================================================
Received Import Request.
  Time since last request: 0.000265 seconds.
  path: Assets/Art/devil sprite idle.png
  artifactKey: Guid(4fca3caac27b29b4c85103215c140839) Importer(815301076,1909f56bfc062723c751e8b465ee728b)
Start importing Assets/Art/devil sprite idle.png using Guid(4fca3caac27b29b4c85103215c140839) Importer(815301076,1909f56bfc062723c751e8b465ee728b)  -> (artifact id: 'a06c90e8ad4c3bd0dede790d17d2030c') in 0.019161 seconds
  Import took 0.024497 seconds .

========================================================================
Received Import Request.
  Time since last request: 0.000217 seconds.
  path: Assets/Art/roccos.png
  artifactKey: Guid(e2ff9927f79deb54db382838d6cc6b7c) Importer(815301076,1909f56bfc062723c751e8b465ee728b)
Start importing Assets/Art/roccos.png using Guid(e2ff9927f79deb54db382838d6cc6b7c) Importer(815301076,1909f56bfc062723c751e8b465ee728b)  -> (artifact id: '15edabeb53a5e6114ba5e9e8bbd46b5c') in 0.019039 seconds
  Import took 0.023057 seconds .

========================================================================
Received Import Request.
  Time since last request: 0.000218 seconds.
  path: Assets/Art/devil sprite run (1).png
  artifactKey: Guid(4355c4f602a947b4ab3cbc4cbd61fad5) Importer(815301076,1909f56bfc062723c751e8b465ee728b)
Start importing Assets/Art/devil sprite run (1).png using Guid(4355c4f602a947b4ab3cbc4cbd61fad5) Importer(815301076,1909f56bfc062723c751e8b465ee728b)  -> (artifact id: '53647769e0b10d99f67dce997a5d6282') in 0.018573 seconds
  Import took 0.022734 seconds .

========================================================================
Received Import Request.
  Time since last request: 0.003169 seconds.
  path: Assets/Art/devil sprite run (1).png
  artifactKey: Guid(4355c4f602a947b4ab3cbc4cbd61fad5) Importer(815301076,1909f56bfc062723c751e8b465ee728b)
Start importing Assets/Art/devil sprite run (1).png using Guid(4355c4f602a947b4ab3cbc4cbd61fad5) Importer(815301076,1909f56bfc062723c751e8b465ee728b)  -> (artifact id: '53647769e0b10d99f67dce997a5d6282') in 0.010672 seconds
  Import took 0.014561 seconds .

========================================================================
Received Import Request.
  Time since last request: 118.646602 seconds.
  path: Assets/Art/roccos.asset
  artifactKey: Guid(0a04f842b7390c64bb3a2f5930582bb1) Importer(815301076,1909f56bfc062723c751e8b465ee728b)
Start importing Assets/Art/roccos.asset using Guid(0a04f842b7390c64bb3a2f5930582bb1) Importer(815301076,1909f56bfc062723c751e8b465ee728b)  -> (artifact id: '93488f72cdc4ffe56e1f03b4a23a3b2b') in 0.024677 seconds
  Import took 0.028287 seconds .

========================================================================
Received Import Request.
  Time since last request: 61.381860 seconds.
  path: Assets/Art/roccos.png
  artifactKey: Guid(e2ff9927f79deb54db382838d6cc6b7c) Importer(815301076,1909f56bfc062723c751e8b465ee728b)
Start importing Assets/Art/roccos.png using Guid(e2ff9927f79deb54db382838d6cc6b7c) Importer(815301076,1909f56bfc062723c751e8b465ee728b)  -> (artifact id: '22c2a2d492e96ed1eb38c11c3e035bee') in 0.011935 seconds
  Import took 0.015024 seconds .

========================================================================
Received Import Request.
  Time since last request: 22.690973 seconds.
  path: Assets/Art/roccos.png
  artifactKey: Guid(e2ff9927f79deb54db382838d6cc6b7c) Importer(815301076,1909f56bfc062723c751e8b465ee728b)
Start importing Assets/Art/roccos.png using Guid(e2ff9927f79deb54db382838d6cc6b7c) Importer(815301076,1909f56bfc062723c751e8b465ee728b)  -> (artifact id: '00e7b25addf746a7801ffb350cd3e6f0') in 0.079062 seconds
  Import took 0.081893 seconds .

========================================================================
Received Import Request.
  Time since last request: 12.154509 seconds.
  path: Assets/Art/roccos_0.asset
  artifactKey: Guid(51bf2ff3e3a372f4192aa7e66124ddeb) Importer(815301076,1909f56bfc062723c751e8b465ee728b)
Start importing Assets/Art/roccos_0.asset using Guid(51bf2ff3e3a372f4192aa7e66124ddeb) Importer(815301076,1909f56bfc062723c751e8b465ee728b)  -> (artifact id: '2eca80c4e5c6f2c520bb7de6a3195f79') in 0.010513 seconds
  Import took 0.013852 seconds .

========================================================================
Received Import Request.
  Time since last request: 0.000174 seconds.
  path: Assets/Art/roccos_14.asset
  artifactKey: Guid(12aeddf47384f8a42884ffa1482d8147) Importer(815301076,1909f56bfc062723c751e8b465ee728b)
Start importing Assets/Art/roccos_14.asset using Guid(12aeddf47384f8a42884ffa1482d8147) Importer(815301076,1909f56bfc062723c751e8b465ee728b)  -> (artifact id: 'fac39a6b046ae82dc60464447338bbe4') in 0.010487 seconds
  Import took 0.014176 seconds .

========================================================================
Received Import Request.
  Time since last request: 0.000162 seconds.
  path: Assets/Art/roccos_31.asset
  artifactKey: Guid(f04a5f183c62ff24abca3c1002722250) Importer(815301076,1909f56bfc062723c751e8b465ee728b)
Start importing Assets/Art/roccos_31.asset using Guid(f04a5f183c62ff24abca3c1002722250) Importer(815301076,1909f56bfc062723c751e8b465ee728b)  -> (artifact id: 'e039224d4f0f116453f52b9666ce47d8') in 0.010779 seconds
  Import took 0.013894 seconds .

========================================================================
Received Import Request.
  Time since last request: 0.000174 seconds.
  path: Assets/Art/roccos_20.asset
  artifactKey: Guid(6b4c28e08672aac449fa81811d99288b) Importer(815301076,1909f56bfc062723c751e8b465ee728b)
Start importing Assets/Art/roccos_20.asset using Guid(6b4c28e08672aac449fa81811d99288b) Importer(815301076,1909f56bfc062723c751e8b465ee728b)  -> (artifact id: '8cbd6cc6c9c0db1b82dd084311e667e6') in 0.011352 seconds
  Import took 0.014047 seconds .

========================================================================
Received Import Request.
  Time since last request: 0.000140 seconds.
  path: Assets/Art/roccos_2.asset
  artifactKey: Guid(6e83f41c67cad6f458411f36778530bc) Importer(815301076,1909f56bfc062723c751e8b465ee728b)
Start importing Assets/Art/roccos_2.asset using Guid(6e83f41c67cad6f458411f36778530bc) Importer(815301076,1909f56bfc062723c751e8b465ee728b)  -> (artifact id: '1868ba8da76430575995d298cf1b8738') in 0.011173 seconds
  Import took 0.013633 seconds .

========================================================================
Received Import Request.
  Time since last request: 0.000138 seconds.
  path: Assets/Art/roccos_3.asset
  artifactKey: Guid(4a6a842d026437b41820b9e522f723eb) Importer(815301076,1909f56bfc062723c751e8b465ee728b)
Start importing Assets/Art/roccos_3.asset using Guid(4a6a842d026437b41820b9e522f723eb) Importer(815301076,1909f56bfc062723c751e8b465ee728b)  -> (artifact id: 'b24922a24942d95fcd07a03e04369fc4') in 0.010314 seconds
  Import took 0.013647 seconds .

========================================================================
Received Import Request.
  Time since last request: 0.000142 seconds.
  path: Assets/Art/roccos_8.asset
  artifactKey: Guid(88c1462db92b9de4287d339c8987da82) Importer(815301076,1909f56bfc062723c751e8b465ee728b)
Start importing Assets/Art/roccos_8.asset using Guid(88c1462db92b9de4287d339c8987da82) Importer(815301076,1909f56bfc062723c751e8b465ee728b)  -> (artifact id: '0cd20038835beaab82a092ae55362191') in 0.010651 seconds
  Import took 0.013200 seconds .

========================================================================
Received Import Request.
  Time since last request: 0.000134 seconds.
  path: Assets/Art/roccos_13.asset
  artifactKey: Guid(b687e0f14badbee49b20d966e174195b) Importer(815301076,1909f56bfc062723c751e8b465ee728b)
Start importing Assets/Art/roccos_13.asset using Guid(b687e0f14badbee49b20d966e174195b) Importer(815301076,1909f56bfc062723c751e8b465ee728b)  -> (artifact id: 'b7b63d8fe589379b0fa79849aeda18b5') in 0.008535 seconds
  Import took 0.011607 seconds .

========================================================================
Received Import Request.
  Time since last request: 0.000116 seconds.
  path: Assets/Art/roccos_21.asset
  artifactKey: Guid(54b886d3549b06b49864e333654eec0b) Importer(815301076,1909f56bfc062723c751e8b465ee728b)
Start importing Assets/Art/roccos_21.asset using Guid(54b886d3549b06b49864e333654eec0b) Importer(815301076,1909f56bfc062723c751e8b465ee728b)  -> (artifact id: '7f956a5a5e69b8cad3fc726f7f76cdf0') in 0.008417 seconds
  Import took 0.010790 seconds .

========================================================================
Received Import Request.
  Time since last request: 0.000127 seconds.
  path: Assets/Art/roccos_28.asset
  artifactKey: Guid(48777e9bb5f83ce419d5a78a68c5b6eb) Importer(815301076,1909f56bfc062723c751e8b465ee728b)
Start importing Assets/Art/roccos_28.asset using Guid(48777e9bb5f83ce419d5a78a68c5b6eb) Importer(815301076,1909f56bfc062723c751e8b465ee728b)  -> (artifact id: 'd93c0f8ec6ae3badad1bc0f44fc14f2e') in 0.008672 seconds
  Import took 0.011469 seconds .

========================================================================
Received Import Request.
  Time since last request: 0.000160 seconds.
  path: Assets/Art/roccos_24.asset
  artifactKey: Guid(5f9bb0ff63158844684b29004e247c62) Importer(815301076,1909f56bfc062723c751e8b465ee728b)
Start importing Assets/Art/roccos_24.asset using Guid(5f9bb0ff63158844684b29004e247c62) Importer(815301076,1909f56bfc062723c751e8b465ee728b)  -> (artifact id: '6e7a0ac02ff25eb1c39f8d65dbd73aba') in 0.010180 seconds
  Import took 0.012955 seconds .

========================================================================
Received Import Request.
  Time since last request: 0.000193 seconds.
  path: Assets/Art/roccos_11.asset
  artifactKey: Guid(2994301097d83c04eb3a91723515d466) Importer(815301076,1909f56bfc062723c751e8b465ee728b)
Start importing Assets/Art/roccos_11.asset using Guid(2994301097d83c04eb3a91723515d466) Importer(815301076,1909f56bfc062723c751e8b465ee728b)  -> (artifact id: 'cfd933d3f72994bbfbd9f10c16c4a88a') in 0.008609 seconds
  Import took 0.011321 seconds .

========================================================================
Received Import Request.
  Time since last request: 0.000141 seconds.
  path: Assets/Art/roccos_9.asset
  artifactKey: Guid(6490924c966cd0d47a401f1a884b38e2) Importer(815301076,1909f56bfc062723c751e8b465ee728b)
Start importing Assets/Art/roccos_9.asset using Guid(6490924c966cd0d47a401f1a884b38e2) Importer(815301076,1909f56bfc062723c751e8b465ee728b)  -> (artifact id: '22bb055ac44a8130ff4245c6105d637e') in 0.008735 seconds
  Import took 0.011351 seconds .

========================================================================
Received Import Request.
  Time since last request: 0.000118 seconds.
  path: Assets/Art/roccos_23.asset
  artifactKey: Guid(d037959d4fdeea74db2dcd14b2ff0e7e) Importer(815301076,1909f56bfc062723c751e8b465ee728b)
Start importing Assets/Art/roccos_23.asset using Guid(d037959d4fdeea74db2dcd14b2ff0e7e) Importer(815301076,1909f56bfc062723c751e8b465ee728b)  -> (artifact id: 'b53bacca8965ddf6c4805203b72b5a4b') in 0.009547 seconds
  Import took 0.012107 seconds .

========================================================================
Received Import Request.
  Time since last request: 0.000109 seconds.
  path: Assets/Art/roccos_27.asset
  artifactKey: Guid(cafa5c5761fdaf74e9551dca8d35e1d5) Importer(815301076,1909f56bfc062723c751e8b465ee728b)
Start importing Assets/Art/roccos_27.asset using Guid(cafa5c5761fdaf74e9551dca8d35e1d5) Importer(815301076,1909f56bfc062723c751e8b465ee728b)  -> (artifact id: '89641d23cd560cc42c45ff594b3c6c79') in 0.012549 seconds
  Import took 0.015079 seconds .

========================================================================
Received Import Request.
  Time since last request: 0.000122 seconds.
  path: Assets/Art/roccos_34.asset
  artifactKey: Guid(65a623ecd10745842965634806e9dd51) Importer(815301076,1909f56bfc062723c751e8b465ee728b)
Start importing Assets/Art/roccos_34.asset using Guid(65a623ecd10745842965634806e9dd51) Importer(815301076,1909f56bfc062723c751e8b465ee728b)  -> (artifact id: '9691ee9e5407de1653944f4855c653f7') in 0.009674 seconds
  Import took 0.012070 seconds .

========================================================================
Received Import Request.
  Time since last request: 0.000120 seconds.
  path: Assets/Art/roccos_18.asset
  artifactKey: Guid(8e8cf20026c6883459a04b45c8461aa2) Importer(815301076,1909f56bfc062723c751e8b465ee728b)
Start importing Assets/Art/roccos_18.asset using Guid(8e8cf20026c6883459a04b45c8461aa2) Importer(815301076,1909f56bfc062723c751e8b465ee728b)  -> (artifact id: '7e5204a1f52c97b81548a032be614774') in 0.009122 seconds
  Import took 0.011752 seconds .

========================================================================
Received Import Request.
  Time since last request: 0.000123 seconds.
  path: Assets/Art/roccos_22.asset
  artifactKey: Guid(ebf193b1a8bdd3c4bad131a83d3f74f7) Importer(815301076,1909f56bfc062723c751e8b465ee728b)
Start importing Assets/Art/roccos_22.asset using Guid(ebf193b1a8bdd3c4bad131a83d3f74f7) Importer(815301076,1909f56bfc062723c751e8b465ee728b)  -> (artifact id: 'e06ced3dfdcb42fc506df82cb98c1bb3') in 0.009645 seconds
  Import took 0.012246 seconds .

========================================================================
Received Import Request.
  Time since last request: 0.000169 seconds.
  path: Assets/Art/roccos_29.asset
  artifactKey: Guid(59fed058b27a6154ea0b8a1758ea8941) Importer(815301076,1909f56bfc062723c751e8b465ee728b)
Start importing Assets/Art/roccos_29.asset using Guid(59fed058b27a6154ea0b8a1758ea8941) Importer(815301076,1909f56bfc062723c751e8b465ee728b)  -> (artifact id: 'e824cf8aaa984c207cb1b9fa15af4dca') in 0.008636 seconds
  Import took 0.011265 seconds .

========================================================================
Received Import Request.
  Time since last request: 0.000136 seconds.
  path: Assets/Art/roccos_16.asset
  artifactKey: Guid(94143b90d66a1ef4db3b3fc2c08b01a4) Importer(815301076,1909f56bfc062723c751e8b465ee728b)
Start importing Assets/Art/roccos_16.asset using Guid(94143b90d66a1ef4db3b3fc2c08b01a4) Importer(815301076,1909f56bfc062723c751e8b465ee728b)  -> (artifact id: 'f997a170b7b31b6924a039412335ea3f') in 0.008413 seconds
  Import took 0.010934 seconds .

========================================================================
Received Import Request.
  Time since last request: 0.000132 seconds.
  path: Assets/Art/roccos_12.asset
  artifactKey: Guid(a6edc87b3f6467440b7574f2cfe35147) Importer(815301076,1909f56bfc062723c751e8b465ee728b)
Start importing Assets/Art/roccos_12.asset using Guid(a6edc87b3f6467440b7574f2cfe35147) Importer(815301076,1909f56bfc062723c751e8b465ee728b)  -> (artifact id: 'e8e09ead99bac37f65c0e0416924581e') in 0.008122 seconds
  Import took 0.011040 seconds .

========================================================================
Received Import Request.
  Time since last request: 0.000850 seconds.
  path: Assets/Art/roccos_39.asset
  artifactKey: Guid(af307045e1b4b7f41a5182eb9710b699) Importer(815301076,1909f56bfc062723c751e8b465ee728b)
Start importing Assets/Art/roccos_39.asset using Guid(af307045e1b4b7f41a5182eb9710b699) Importer(815301076,1909f56bfc062723c751e8b465ee728b)  -> (artifact id: 'e273add1e8104c3eb943a7526e228bbc') in 0.008782 seconds
  Import took 0.012289 seconds .

========================================================================
Received Import Request.
  Time since last request: 0.000150 seconds.
  path: Assets/Art/roccos_32.asset
  artifactKey: Guid(36ecb72f4eb759043a357cae6e27624e) Importer(815301076,1909f56bfc062723c751e8b465ee728b)
Start importing Assets/Art/roccos_32.asset using Guid(36ecb72f4eb759043a357cae6e27624e) Importer(815301076,1909f56bfc062723c751e8b465ee728b)  -> (artifact id: '444ef5834662b4ee9409d260c4a4abc1') in 0.009139 seconds
  Import took 0.012055 seconds .

========================================================================
Received Import Request.
  Time since last request: 0.000139 seconds.
  path: Assets/Art/roccos_37.asset
  artifactKey: Guid(48bec4ad9fd435845b90d0c2ccd0eaa1) Importer(815301076,1909f56bfc062723c751e8b465ee728b)
Start importing Assets/Art/roccos_37.asset using Guid(48bec4ad9fd435845b90d0c2ccd0eaa1) Importer(815301076,1909f56bfc062723c751e8b465ee728b)  -> (artifact id: 'aaded848d0f851fb48153424be240e32') in 0.009314 seconds
  Import took 0.011887 seconds .

========================================================================
Received Import Request.
  Time since last request: 0.000167 seconds.
  path: Assets/Art/roccos_7.asset
  artifactKey: Guid(e3ffe9d3bef1e264d955c24a8b9ba288) Importer(815301076,1909f56bfc062723c751e8b465ee728b)
Start importing Assets/Art/roccos_7.asset using Guid(e3ffe9d3bef1e264d955c24a8b9ba288) Importer(815301076,1909f56bfc062723c751e8b465ee728b)  -> (artifact id: '00ece09252f8447b5bec4e58f00acf87') in 0.010336 seconds
  Import took 0.013223 seconds .

========================================================================
Received Import Request.
  Time since last request: 0.000141 seconds.
  path: Assets/Art/roccos_40.asset
  artifactKey: Guid(48593874d71b6e4418a5a7c5c80aa9ed) Importer(815301076,1909f56bfc062723c751e8b465ee728b)
Start importing Assets/Art/roccos_40.asset using Guid(48593874d71b6e4418a5a7c5c80aa9ed) Importer(815301076,1909f56bfc062723c751e8b465ee728b)  -> (artifact id: '3619cb66adf1ba9126852c9aa9913c82') in 0.009595 seconds
  Import took 0.012387 seconds .

========================================================================
Received Import Request.
  Time since last request: 0.000174 seconds.
  path: Assets/Art/roccos_6.asset
  artifactKey: Guid(0e55262970cb35340b31c4e56548b246) Importer(815301076,1909f56bfc062723c751e8b465ee728b)
Start importing Assets/Art/roccos_6.asset using Guid(0e55262970cb35340b31c4e56548b246) Importer(815301076,1909f56bfc062723c751e8b465ee728b)  -> (artifact id: '8b659252e2a515406aa213176f6448d7') in 0.008686 seconds
  Import took 0.011570 seconds .

========================================================================
Received Import Request.
  Time since last request: 0.000141 seconds.
  path: Assets/Art/roccos_4.asset
  artifactKey: Guid(39d2d011b75120d4fa9d8c14d058968d) Importer(815301076,1909f56bfc062723c751e8b465ee728b)
Start importing Assets/Art/roccos_4.asset using Guid(39d2d011b75120d4fa9d8c14d058968d) Importer(815301076,1909f56bfc062723c751e8b465ee728b)  -> (artifact id: 'cbaefb6f25bd1e9c6abaf86fde2adb21') in 0.010959 seconds
  Import took 0.013544 seconds .

========================================================================
Received Import Request.
  Time since last request: 0.000120 seconds.
  path: Assets/Art/roccos_19.asset
  artifactKey: Guid(3545e9adb4f2a6048b26d8679dd20bcc) Importer(815301076,1909f56bfc062723c751e8b465ee728b)
Start importing Assets/Art/roccos_19.asset using Guid(3545e9adb4f2a6048b26d8679dd20bcc) Importer(815301076,1909f56bfc062723c751e8b465ee728b)  -> (artifact id: '9abe7904fbc3915fbe55d2d1eceb1fa2') in 0.008845 seconds
  Import took 0.011770 seconds .

========================================================================
Received Import Request.
  Time since last request: 0.000144 seconds.
  path: Assets/Art/roccos_33.asset
  artifactKey: Guid(068609836d5eca34fb668bb3515f5f08) Importer(815301076,1909f56bfc062723c751e8b465ee728b)
Start importing Assets/Art/roccos_33.asset using Guid(068609836d5eca34fb668bb3515f5f08) Importer(815301076,1909f56bfc062723c751e8b465ee728b)  -> (artifact id: '2a55b9c26cd9edb5a912c869f7fa7808') in 0.009736 seconds
  Import took 0.012433 seconds .

========================================================================
Received Import Request.
  Time since last request: 0.000132 seconds.
  path: Assets/Art/roccos_26.asset
  artifactKey: Guid(e021360e29989e644a1151af7eed737e) Importer(815301076,1909f56bfc062723c751e8b465ee728b)
Start importing Assets/Art/roccos_26.asset using Guid(e021360e29989e644a1151af7eed737e) Importer(815301076,1909f56bfc062723c751e8b465ee728b)  -> (artifact id: 'd4f42e1361fbdde1c98453fbfc0e702e') in 0.008943 seconds
  Import took 0.011638 seconds .

========================================================================
Received Import Request.
  Time since last request: 0.000112 seconds.
  path: Assets/Art/roccos_15.asset
  artifactKey: Guid(e335bd8f542b52743924a12752feeb5e) Importer(815301076,1909f56bfc062723c751e8b465ee728b)
Start importing Assets/Art/roccos_15.asset using Guid(e335bd8f542b52743924a12752feeb5e) Importer(815301076,1909f56bfc062723c751e8b465ee728b)  -> (artifact id: '68a8721eda0a4477624b947a0f3fd360') in 0.012212 seconds
  Import took 0.014821 seconds .

========================================================================
Received Import Request.
  Time since last request: 0.000158 seconds.
  path: Assets/Art/roccos_36.asset
  artifactKey: Guid(67646444e2f5a6c43a38261050a617cf) Importer(815301076,1909f56bfc062723c751e8b465ee728b)
Start importing Assets/Art/roccos_36.asset using Guid(67646444e2f5a6c43a38261050a617cf) Importer(815301076,1909f56bfc062723c751e8b465ee728b)  -> (artifact id: 'eb59883ae27984f7a0ba78f58dbed9db') in 0.013125 seconds
  Import took 0.016119 seconds .

========================================================================
Received Import Request.
  Time since last request: 0.000167 seconds.
  path: Assets/Art/roccos_25.asset
  artifactKey: Guid(408e8a3c03463f24b8f2f1ac5fedb133) Importer(815301076,1909f56bfc062723c751e8b465ee728b)
Start importing Assets/Art/roccos_25.asset using Guid(408e8a3c03463f24b8f2f1ac5fedb133) Importer(815301076,1909f56bfc062723c751e8b465ee728b)  -> (artifact id: '9003acecf3da3c4557a1b7986431f0d3') in 0.009554 seconds
  Import took 0.012768 seconds .

========================================================================
Received Import Request.
  Time since last request: 0.000170 seconds.
  path: Assets/Art/roccos_35.asset
  artifactKey: Guid(5a4d82def43738e4f9f92e6393cc3301) Importer(815301076,1909f56bfc062723c751e8b465ee728b)
Start importing Assets/Art/roccos_35.asset using Guid(5a4d82def43738e4f9f92e6393cc3301) Importer(815301076,1909f56bfc062723c751e8b465ee728b)  -> (artifact id: '436db21fc09546d51ebcdb6b301920d3') in 0.009145 seconds
  Import took 0.012160 seconds .

========================================================================
Received Import Request.
  Time since last request: 0.000225 seconds.
  path: Assets/Art/roccos_5.asset
  artifactKey: Guid(8e75dde5b8a9cd147978e4b0958cfa88) Importer(815301076,1909f56bfc062723c751e8b465ee728b)
Start importing Assets/Art/roccos_5.asset using Guid(8e75dde5b8a9cd147978e4b0958cfa88) Importer(815301076,1909f56bfc062723c751e8b465ee728b)  -> (artifact id: '9a30f12f8f242b479bfeda87a3c7b2e5') in 0.012578 seconds
  Import took 0.015341 seconds .

========================================================================
Received Import Request.
  Time since last request: 0.000147 seconds.
  path: Assets/Art/roccos_38.asset
  artifactKey: Guid(2ea1e257e10607c4190733187dc74e9c) Importer(815301076,1909f56bfc062723c751e8b465ee728b)
Start importing Assets/Art/roccos_38.asset using Guid(2ea1e257e10607c4190733187dc74e9c) Importer(815301076,1909f56bfc062723c751e8b465ee728b)  -> (artifact id: 'abcffab3744147aa3454ae67ef9beebd') in 0.008961 seconds
  Import took 0.012173 seconds .

========================================================================
Received Import Request.
  Time since last request: 0.000111 seconds.
  path: Assets/Art/roccos_17.asset
  artifactKey: Guid(78136ceb6ec7b1846acf750c358be3f0) Importer(815301076,1909f56bfc062723c751e8b465ee728b)
Start importing Assets/Art/roccos_17.asset using Guid(78136ceb6ec7b1846acf750c358be3f0) Importer(815301076,1909f56bfc062723c751e8b465ee728b)  -> (artifact id: '1473b6bd4430c223cdfbe632f029b5bc') in 0.010417 seconds
  Import took 0.013092 seconds .

========================================================================
Received Import Request.
  Time since last request: 0.000170 seconds.
  path: Assets/Art/roccos_1.asset
  artifactKey: Guid(eeff0016397511248b05dc06c5f7cda5) Importer(815301076,1909f56bfc062723c751e8b465ee728b)
Start importing Assets/Art/roccos_1.asset using Guid(eeff0016397511248b05dc06c5f7cda5) Importer(815301076,1909f56bfc062723c751e8b465ee728b)  -> (artifact id: '088479a4f5734b5866d99dd9a743e104') in 0.011267 seconds
  Import took 0.013716 seconds .

========================================================================
Received Import Request.
  Time since last request: 0.000139 seconds.
  path: Assets/Art/roccos_10.asset
  artifactKey: Guid(1f8b36f86e1606a4ea3fb9a17f76b150) Importer(815301076,1909f56bfc062723c751e8b465ee728b)
Start importing Assets/Art/roccos_10.asset using Guid(1f8b36f86e1606a4ea3fb9a17f76b150) Importer(815301076,1909f56bfc062723c751e8b465ee728b)  -> (artifact id: 'd1aecb40ac5cb07ba4d7df940e52988e') in 0.008724 seconds
  Import took 0.011778 seconds .

========================================================================
Received Import Request.
  Time since last request: 0.000209 seconds.
  path: Assets/Art/roccos_30.asset
  artifactKey: Guid(b241e314a174aba47a9b9fc4f1930dc1) Importer(815301076,1909f56bfc062723c751e8b465ee728b)
Start importing Assets/Art/roccos_30.asset using Guid(b241e314a174aba47a9b9fc4f1930dc1) Importer(815301076,1909f56bfc062723c751e8b465ee728b)  -> (artifact id: '2e552fdde425667853acabc90e6df7d4') in 0.009200 seconds
  Import took 0.012128 seconds .

========================================================================
Received Import Request.
  Time since last request: 87.579691 seconds.
  path: Assets/Art/roccos.png
  artifactKey: Guid(e2ff9927f79deb54db382838d6cc6b7c) Importer(815301076,1909f56bfc062723c751e8b465ee728b)
Start importing Assets/Art/roccos.png using Guid(e2ff9927f79deb54db382838d6cc6b7c) Importer(815301076,1909f56bfc062723c751e8b465ee728b)  -> (artifact id: '5e3aedad4122fa9ed2bfa0b0ae458aab') in 0.074516 seconds
  Import took 0.077343 seconds .

========================================================================
Received Import Request.
  Time since last request: 173.503025 seconds.
  path: Assets/Art/Tilepalettes/ground tile.prefab
  artifactKey: Guid(5b54df7bc41bab14fb54bb624ef05bc3) Importer(815301076,1909f56bfc062723c751e8b465ee728b)
Start importing Assets/Art/Tilepalettes/ground tile.prefab using Guid(5b54df7bc41bab14fb54bb624ef05bc3) Importer(815301076,1909f56bfc062723c751e8b465ee728b)  -> (artifact id: '733c5caba786ecfd63ac3aa883f4d6c9') in 0.018757 seconds
  Import took 0.021795 seconds .

========================================================================
Received Import Request.
  Time since last request: 0.000258 seconds.
  path: Assets/Art/Tilepalettes/Normal ground tiles.prefab
  artifactKey: Guid(f357e223db5152b43b246f4baa073b1c) Importer(815301076,1909f56bfc062723c751e8b465ee728b)
Start importing Assets/Art/Tilepalettes/Normal ground tiles.prefab using Guid(f357e223db5152b43b246f4baa073b1c) Importer(815301076,1909f56bfc062723c751e8b465ee728b)  -> (artifact id: 'da3be5ecaa6d9c4954a4941e4e2de806') in 0.008543 seconds
  Import took 0.012065 seconds .

========================================================================
Received Import Request.
  Time since last request: 17.760485 seconds.
  path: Assets/Art/Tilepalettes/ground tile.prefab
  artifactKey: Guid(5b54df7bc41bab14fb54bb624ef05bc3) Importer(815301076,1909f56bfc062723c751e8b465ee728b)
Start importing Assets/Art/Tilepalettes/ground tile.prefab using Guid(5b54df7bc41bab14fb54bb624ef05bc3) Importer(815301076,1909f56bfc062723c751e8b465ee728b)  -> (artifact id: 'd8232dd51eccfc834f9d3a4849abf28c') in 0.003210 seconds
  Import took 0.006456 seconds .

========================================================================
Received Import Request.
  Time since last request: 4.989828 seconds.
  path: Assets/Art/Tilepalettes/ground tile.prefab
  artifactKey: Guid(5b54df7bc41bab14fb54bb624ef05bc3) Importer(815301076,1909f56bfc062723c751e8b465ee728b)
Start importing Assets/Art/Tilepalettes/ground tile.prefab using Guid(5b54df7bc41bab14fb54bb624ef05bc3) Importer(815301076,1909f56bfc062723c751e8b465ee728b)  -> (artifact id: '0ec4ba03ebab757e1b3e8fd55ad98935') in 0.003164 seconds
  Import took 0.005866 seconds .

========================================================================
Received Import Request.
  Time since last request: 1.775105 seconds.
  path: Assets/Art/Tilepalettes/ground tile.prefab
  artifactKey: Guid(5b54df7bc41bab14fb54bb624ef05bc3) Importer(815301076,1909f56bfc062723c751e8b465ee728b)
Start importing Assets/Art/Tilepalettes/ground tile.prefab using Guid(5b54df7bc41bab14fb54bb624ef05bc3) Importer(815301076,1909f56bfc062723c751e8b465ee728b)  -> (artifact id: '894358427d7ab76c2f278a597f14ea93') in 0.003152 seconds
  Import took 0.005627 seconds .

========================================================================
Received Import Request.
  Time since last request: 2.069306 seconds.
  path: Assets/Art/Tilepalettes/ground tile.prefab
  artifactKey: Guid(5b54df7bc41bab14fb54bb624ef05bc3) Importer(815301076,1909f56bfc062723c751e8b465ee728b)
Start importing Assets/Art/Tilepalettes/ground tile.prefab using Guid(5b54df7bc41bab14fb54bb624ef05bc3) Importer(815301076,1909f56bfc062723c751e8b465ee728b)  -> (artifact id: '37cc796c54e805f751ee7a75f7ce70bd') in 0.003569 seconds
  Import took 0.006233 seconds .

========================================================================
Received Import Request.
  Time since last request: 2.795276 seconds.
  path: Assets/Art/Tilepalettes/ground tile.prefab
  artifactKey: Guid(5b54df7bc41bab14fb54bb624ef05bc3) Importer(815301076,1909f56bfc062723c751e8b465ee728b)
Start importing Assets/Art/Tilepalettes/ground tile.prefab using Guid(5b54df7bc41bab14fb54bb624ef05bc3) Importer(815301076,1909f56bfc062723c751e8b465ee728b)  -> (artifact id: '4ff36365cceb686e28be3bec42315664') in 0.003194 seconds
  Import took 0.005652 seconds .

========================================================================
Received Import Request.
  Time since last request: 5.250597 seconds.
  path: Assets/Art/Tilepalettes/ground tile.prefab
  artifactKey: Guid(5b54df7bc41bab14fb54bb624ef05bc3) Importer(815301076,1909f56bfc062723c751e8b465ee728b)
Start importing Assets/Art/Tilepalettes/ground tile.prefab using Guid(5b54df7bc41bab14fb54bb624ef05bc3) Importer(815301076,1909f56bfc062723c751e8b465ee728b)  -> (artifact id: '60475529737e1b9baa43bb1ae99f9891') in 0.003202 seconds
  Import took 0.005718 seconds .

========================================================================
Received Import Request.
  Time since last request: 2.535966 seconds.
  path: Assets/Art/Tilepalettes/ground tile.prefab
  artifactKey: Guid(5b54df7bc41bab14fb54bb624ef05bc3) Importer(815301076,1909f56bfc062723c751e8b465ee728b)
Start importing Assets/Art/Tilepalettes/ground tile.prefab using Guid(5b54df7bc41bab14fb54bb624ef05bc3) Importer(815301076,1909f56bfc062723c751e8b465ee728b)  -> (artifact id: '1694e1e3de535a7ffd42d18bd34505c1') in 0.003818 seconds
  Import took 0.006561 seconds .

========================================================================
Received Import Request.
  Time since last request: 1.769693 seconds.
  path: Assets/Art/Tilepalettes/ground tile.prefab
  artifactKey: Guid(5b54df7bc41bab14fb54bb624ef05bc3) Importer(815301076,1909f56bfc062723c751e8b465ee728b)
Start importing Assets/Art/Tilepalettes/ground tile.prefab using Guid(5b54df7bc41bab14fb54bb624ef05bc3) Importer(815301076,1909f56bfc062723c751e8b465ee728b)  -> (artifact id: '520860c244195949189aaa1789df528a') in 0.003385 seconds
  Import took 0.006158 seconds .

========================================================================
Received Import Request.
  Time since last request: 2.303971 seconds.
  path: Assets/Art/Tilepalettes/ground tile.prefab
  artifactKey: Guid(5b54df7bc41bab14fb54bb624ef05bc3) Importer(815301076,1909f56bfc062723c751e8b465ee728b)
Start importing Assets/Art/Tilepalettes/ground tile.prefab using Guid(5b54df7bc41bab14fb54bb624ef05bc3) Importer(815301076,1909f56bfc062723c751e8b465ee728b)  -> (artifact id: '734448b015700bbb273da2ac0d376b67') in 0.003233 seconds
  Import took 0.006428 seconds .

========================================================================
Received Import Request.
  Time since last request: 3.583887 seconds.
  path: Assets/Art/Tilepalettes/ground tile.prefab
  artifactKey: Guid(5b54df7bc41bab14fb54bb624ef05bc3) Importer(815301076,1909f56bfc062723c751e8b465ee728b)
Start importing Assets/Art/Tilepalettes/ground tile.prefab using Guid(5b54df7bc41bab14fb54bb624ef05bc3) Importer(815301076,1909f56bfc062723c751e8b465ee728b)  -> (artifact id: '7842275a7ab898819a49a5350e655432') in 0.003332 seconds
  Import took 0.006358 seconds .

========================================================================
Received Import Request.
  Time since last request: 2.804633 seconds.
  path: Assets/Art/Tilepalettes/ground tile.prefab
  artifactKey: Guid(5b54df7bc41bab14fb54bb624ef05bc3) Importer(815301076,1909f56bfc062723c751e8b465ee728b)
Start importing Assets/Art/Tilepalettes/ground tile.prefab using Guid(5b54df7bc41bab14fb54bb624ef05bc3) Importer(815301076,1909f56bfc062723c751e8b465ee728b)  -> (artifact id: '386fe55f60df60afb12ad15d55a61d1e') in 0.003524 seconds
  Import took 0.006571 seconds .

========================================================================
Received Import Request.
  Time since last request: 1.627705 seconds.
  path: Assets/Art/Tilepalettes/ground tile.prefab
  artifactKey: Guid(5b54df7bc41bab14fb54bb624ef05bc3) Importer(815301076,1909f56bfc062723c751e8b465ee728b)
Start importing Assets/Art/Tilepalettes/ground tile.prefab using Guid(5b54df7bc41bab14fb54bb624ef05bc3) Importer(815301076,1909f56bfc062723c751e8b465ee728b)  -> (artifact id: '46f59caf78059832fb65c2967fdcc81d') in 0.004172 seconds
  Import took 0.006978 seconds .

========================================================================
Received Import Request.
  Time since last request: 1.415193 seconds.
  path: Assets/Art/Tilepalettes/ground tile.prefab
  artifactKey: Guid(5b54df7bc41bab14fb54bb624ef05bc3) Importer(815301076,1909f56bfc062723c751e8b465ee728b)
Start importing Assets/Art/Tilepalettes/ground tile.prefab using Guid(5b54df7bc41bab14fb54bb624ef05bc3) Importer(815301076,1909f56bfc062723c751e8b465ee728b)  -> (artifact id: '39a0796a87368bb44f07fcba946b1a0e') in 0.003510 seconds
  Import took 0.006171 seconds .

========================================================================
Received Import Request.
  Time since last request: 10.382357 seconds.
  path: Assets/Art/Tilepalettes/ground tile.prefab
  artifactKey: Guid(5b54df7bc41bab14fb54bb624ef05bc3) Importer(815301076,1909f56bfc062723c751e8b465ee728b)
Start importing Assets/Art/Tilepalettes/ground tile.prefab using Guid(5b54df7bc41bab14fb54bb624ef05bc3) Importer(815301076,1909f56bfc062723c751e8b465ee728b)  -> (artifact id: '04309c0584f7192f1cbd543eaa563778') in 0.003334 seconds
  Import took 0.006226 seconds .

========================================================================
Received Import Request.
  Time since last request: 1.700909 seconds.
  path: Assets/Art/Tilepalettes/ground tile.prefab
  artifactKey: Guid(5b54df7bc41bab14fb54bb624ef05bc3) Importer(815301076,1909f56bfc062723c751e8b465ee728b)
Start importing Assets/Art/Tilepalettes/ground tile.prefab using Guid(5b54df7bc41bab14fb54bb624ef05bc3) Importer(815301076,1909f56bfc062723c751e8b465ee728b)  -> (artifact id: 'efdd3f2577d08e60dab222d707519917') in 0.002942 seconds
  Import took 0.005900 seconds .

========================================================================
Received Import Request.
  Time since last request: 2.013233 seconds.
  path: Assets/Art/Tilepalettes/ground tile.prefab
  artifactKey: Guid(5b54df7bc41bab14fb54bb624ef05bc3) Importer(815301076,1909f56bfc062723c751e8b465ee728b)
Start importing Assets/Art/Tilepalettes/ground tile.prefab using Guid(5b54df7bc41bab14fb54bb624ef05bc3) Importer(815301076,1909f56bfc062723c751e8b465ee728b)  -> (artifact id: '9186c6b3134254fe27e611a21fc59357') in 0.002949 seconds
  Import took 0.005339 seconds .

========================================================================
Received Import Request.
  Time since last request: 4.116224 seconds.
  path: Assets/Art/Tilepalettes/ground tile.prefab
  artifactKey: Guid(5b54df7bc41bab14fb54bb624ef05bc3) Importer(815301076,1909f56bfc062723c751e8b465ee728b)
Start importing Assets/Art/Tilepalettes/ground tile.prefab using Guid(5b54df7bc41bab14fb54bb624ef05bc3) Importer(815301076,1909f56bfc062723c751e8b465ee728b)  -> (artifact id: '57680f0d2284636fd47df16cf2f18631') in 0.003755 seconds
  Import took 0.007115 seconds .

========================================================================
Received Import Request.
  Time since last request: 1.701843 seconds.
  path: Assets/Art/Tilepalettes/ground tile.prefab
  artifactKey: Guid(5b54df7bc41bab14fb54bb624ef05bc3) Importer(815301076,1909f56bfc062723c751e8b465ee728b)
Start importing Assets/Art/Tilepalettes/ground tile.prefab using Guid(5b54df7bc41bab14fb54bb624ef05bc3) Importer(815301076,1909f56bfc062723c751e8b465ee728b)  -> (artifact id: 'b48358d1c0454ee3aead653c8f20259b') in 0.003298 seconds
  Import took 0.006927 seconds .

========================================================================
Received Import Request.
  Time since last request: 1.915531 seconds.
  path: Assets/Art/Tilepalettes/ground tile.prefab
  artifactKey: Guid(5b54df7bc41bab14fb54bb624ef05bc3) Importer(815301076,1909f56bfc062723c751e8b465ee728b)
Start importing Assets/Art/Tilepalettes/ground tile.prefab using Guid(5b54df7bc41bab14fb54bb624ef05bc3) Importer(815301076,1909f56bfc062723c751e8b465ee728b)  -> (artifact id: '31ce4bab59a857ca537abd86d96d1b10') in 0.003438 seconds
  Import took 0.006374 seconds .

========================================================================
Received Import Request.
  Time since last request: 1.455083 seconds.
  path: Assets/Art/Tilepalettes/ground tile.prefab
  artifactKey: Guid(5b54df7bc41bab14fb54bb624ef05bc3) Importer(815301076,1909f56bfc062723c751e8b465ee728b)
Start importing Assets/Art/Tilepalettes/ground tile.prefab using Guid(5b54df7bc41bab14fb54bb624ef05bc3) Importer(815301076,1909f56bfc062723c751e8b465ee728b)  -> (artifact id: '3e13981a8ca16f38f1b6262cdf22876c') in 0.003494 seconds
  Import took 0.006622 seconds .

========================================================================
Received Import Request.
  Time since last request: 5.509738 seconds.
  path: Assets/Art/Tilepalettes/ground tile.prefab
  artifactKey: Guid(5b54df7bc41bab14fb54bb624ef05bc3) Importer(815301076,1909f56bfc062723c751e8b465ee728b)
Start importing Assets/Art/Tilepalettes/ground tile.prefab using Guid(5b54df7bc41bab14fb54bb624ef05bc3) Importer(815301076,1909f56bfc062723c751e8b465ee728b)  -> (artifact id: '28ffb193ff48559c53ea4ddb1720b616') in 0.003161 seconds
  Import took 0.006210 seconds .

========================================================================
Received Import Request.
  Time since last request: 3.398769 seconds.
  path: Assets/Art/Tilepalettes/ground tile.prefab
  artifactKey: Guid(5b54df7bc41bab14fb54bb624ef05bc3) Importer(815301076,1909f56bfc062723c751e8b465ee728b)
Start importing Assets/Art/Tilepalettes/ground tile.prefab using Guid(5b54df7bc41bab14fb54bb624ef05bc3) Importer(815301076,1909f56bfc062723c751e8b465ee728b)  -> (artifact id: '84aff8d2ce446733ece80d2eec555158') in 0.003288 seconds
  Import took 0.006419 seconds .

========================================================================
Received Import Request.
  Time since last request: 2.005951 seconds.
  path: Assets/Art/Tilepalettes/ground tile.prefab
  artifactKey: Guid(5b54df7bc41bab14fb54bb624ef05bc3) Importer(815301076,1909f56bfc062723c751e8b465ee728b)
Start importing Assets/Art/Tilepalettes/ground tile.prefab using Guid(5b54df7bc41bab14fb54bb624ef05bc3) Importer(815301076,1909f56bfc062723c751e8b465ee728b)  -> (artifact id: '47812641db7f65f880937306b1b3bb00') in 0.003659 seconds
  Import took 0.006681 seconds .

========================================================================
Received Import Request.
  Time since last request: 3.982626 seconds.
  path: Assets/Art/Tilepalettes/ground tile.prefab
  artifactKey: Guid(5b54df7bc41bab14fb54bb624ef05bc3) Importer(815301076,1909f56bfc062723c751e8b465ee728b)
Start importing Assets/Art/Tilepalettes/ground tile.prefab using Guid(5b54df7bc41bab14fb54bb624ef05bc3) Importer(815301076,1909f56bfc062723c751e8b465ee728b)  -> (artifact id: 'df9d0f63f2b57d0a66f0979a17c33f6d') in 0.003663 seconds
  Import took 0.006609 seconds .

========================================================================
Received Import Request.
  Time since last request: 4.648498 seconds.
  path: Assets/Art/Tilepalettes/ground tile.prefab
  artifactKey: Guid(5b54df7bc41bab14fb54bb624ef05bc3) Importer(815301076,1909f56bfc062723c751e8b465ee728b)
Start importing Assets/Art/Tilepalettes/ground tile.prefab using Guid(5b54df7bc41bab14fb54bb624ef05bc3) Importer(815301076,1909f56bfc062723c751e8b465ee728b)  -> (artifact id: '4a96c11c67489e86154ba7d3754f0a59') in 0.004012 seconds
  Import took 0.007792 seconds .

========================================================================
Received Import Request.
  Time since last request: 2.771354 seconds.
  path: Assets/Art/Tilepalettes/ground tile.prefab
  artifactKey: Guid(5b54df7bc41bab14fb54bb624ef05bc3) Importer(815301076,1909f56bfc062723c751e8b465ee728b)
Start importing Assets/Art/Tilepalettes/ground tile.prefab using Guid(5b54df7bc41bab14fb54bb624ef05bc3) Importer(815301076,1909f56bfc062723c751e8b465ee728b)  -> (artifact id: '6d1b364c5f4f61580cf88f653489d86b') in 0.003279 seconds
  Import took 0.006481 seconds .

========================================================================
Received Import Request.
  Time since last request: 2.712470 seconds.
  path: Assets/Art/Tilepalettes/ground tile.prefab
  artifactKey: Guid(5b54df7bc41bab14fb54bb624ef05bc3) Importer(815301076,1909f56bfc062723c751e8b465ee728b)
Start importing Assets/Art/Tilepalettes/ground tile.prefab using Guid(5b54df7bc41bab14fb54bb624ef05bc3) Importer(815301076,1909f56bfc062723c751e8b465ee728b)  -> (artifact id: '70c49941e45d6be82aa9461010eafaa1') in 0.003255 seconds
  Import took 0.006209 seconds .

========================================================================
Received Import Request.
  Time since last request: 2.753273 seconds.
  path: Assets/Art/Tilepalettes/ground tile.prefab
  artifactKey: Guid(5b54df7bc41bab14fb54bb624ef05bc3) Importer(815301076,1909f56bfc062723c751e8b465ee728b)
Start importing Assets/Art/Tilepalettes/ground tile.prefab using Guid(5b54df7bc41bab14fb54bb624ef05bc3) Importer(815301076,1909f56bfc062723c751e8b465ee728b)  -> (artifact id: 'f7a0d40462a3e010834ffa1fe1050aaa') in 0.003152 seconds
  Import took 0.006492 seconds .

========================================================================
Received Import Request.
  Time since last request: 3.202589 seconds.
  path: Assets/Art/Tilepalettes/ground tile.prefab
  artifactKey: Guid(5b54df7bc41bab14fb54bb624ef05bc3) Importer(815301076,1909f56bfc062723c751e8b465ee728b)
Start importing Assets/Art/Tilepalettes/ground tile.prefab using Guid(5b54df7bc41bab14fb54bb624ef05bc3) Importer(815301076,1909f56bfc062723c751e8b465ee728b)  -> (artifact id: 'd767fc36268f5f08408342ffee9459c6') in 0.003198 seconds
  Import took 0.006271 seconds .

========================================================================
Received Import Request.
  Time since last request: 2.732670 seconds.
  path: Assets/Art/Tilepalettes/ground tile.prefab
  artifactKey: Guid(5b54df7bc41bab14fb54bb624ef05bc3) Importer(815301076,1909f56bfc062723c751e8b465ee728b)
Start importing Assets/Art/Tilepalettes/ground tile.prefab using Guid(5b54df7bc41bab14fb54bb624ef05bc3) Importer(815301076,1909f56bfc062723c751e8b465ee728b)  -> (artifact id: 'a29df35162e83378469f37613803f9ff') in 0.003812 seconds
  Import took 0.006415 seconds .

========================================================================
Received Import Request.
  Time since last request: 2.043658 seconds.
  path: Assets/Art/Tilepalettes/ground tile.prefab
  artifactKey: Guid(5b54df7bc41bab14fb54bb624ef05bc3) Importer(815301076,1909f56bfc062723c751e8b465ee728b)
Start importing Assets/Art/Tilepalettes/ground tile.prefab using Guid(5b54df7bc41bab14fb54bb624ef05bc3) Importer(815301076,1909f56bfc062723c751e8b465ee728b)  -> (artifact id: '7cd2112a81901626678f9656840676dc') in 0.003497 seconds
  Import took 0.006436 seconds .

========================================================================
Received Import Request.
  Time since last request: 142.341982 seconds.
  path: Assets/Art/Tilepalettes/ground tile.prefab
  artifactKey: Guid(5b54df7bc41bab14fb54bb624ef05bc3) Importer(815301076,1909f56bfc062723c751e8b465ee728b)
Start importing Assets/Art/Tilepalettes/ground tile.prefab using Guid(5b54df7bc41bab14fb54bb624ef05bc3) Importer(815301076,1909f56bfc062723c751e8b465ee728b)  -> (artifact id: '4b662f335cd124e34f256227dc86d30a') in 0.003290 seconds
  Import took 0.005968 seconds .

========================================================================
Received Import Request.
  Time since last request: 41.342604 seconds.
  path: Assets/Art/devil sprite run.png
  artifactKey: Guid(28ea61e2d6a05e24a938af31764f9d1f) Importer(815301076,1909f56bfc062723c751e8b465ee728b)
Start importing Assets/Art/devil sprite run.png using Guid(28ea61e2d6a05e24a938af31764f9d1f) Importer(815301076,1909f56bfc062723c751e8b465ee728b)  -> (artifact id: '16f5b4ed7936985172f16dfa2b24098c') in 0.010713 seconds
  Import took 0.013680 seconds .

========================================================================
Received Import Request.
  Time since last request: 18.568464 seconds.
  path: Assets/Art/devil sprite idle.png
  artifactKey: Guid(4fca3caac27b29b4c85103215c140839) Importer(815301076,1909f56bfc062723c751e8b465ee728b)
Start importing Assets/Art/devil sprite idle.png using Guid(4fca3caac27b29b4c85103215c140839) Importer(815301076,1909f56bfc062723c751e8b465ee728b)  -> (artifact id: 'b9f83dbbdd1da8b1453c54f0e48e363a') in 0.010225 seconds
  Import took 0.012820 seconds .

========================================================================
Received Import Request.
  Time since last request: 33.655776 seconds.
  path: Assets/Art/devil sprite idle.png
  artifactKey: Guid(4fca3caac27b29b4c85103215c140839) Importer(815301076,1909f56bfc062723c751e8b465ee728b)
Start importing Assets/Art/devil sprite idle.png using Guid(4fca3caac27b29b4c85103215c140839) Importer(815301076,1909f56bfc062723c751e8b465ee728b)  -> (artifact id: '21ff506ecf6edaa8259797cc5247a1a7') in 0.073812 seconds
  Import took 0.076490 seconds .

========================================================================
Received Import Request.
  Time since last request: 6.831565 seconds.
  path: Assets/Art/devil sprite run.png
  artifactKey: Guid(28ea61e2d6a05e24a938af31764f9d1f) Importer(815301076,1909f56bfc062723c751e8b465ee728b)
Start importing Assets/Art/devil sprite run.png using Guid(28ea61e2d6a05e24a938af31764f9d1f) Importer(815301076,1909f56bfc062723c751e8b465ee728b)  -> (artifact id: 'ce8885a530752f51e8977d285a8d5f88') in 0.037516 seconds
  Import took 0.040387 seconds .

========================================================================
Received Prepare
Registering precompiled user dll's ...
Registered in 0.000717 seconds.
Begin MonoManager ReloadAssembly
Native extension for WindowsStandalone target not found
Refreshing native plugins compatible for Editor in 0.30 ms, found 1 plugins.
Preloading 0 native plugins for Editor in 0.00 ms.
Invoked RoslynAnalysisRunner static constructor.
RoslynAnalysisRunner will not be running.
RoslynAnalysisRunner has terminated.
Mono: successfully reloaded assembly
- Completed reload, in  0.652 seconds
Platform modules already initialized, skipping
Refreshing native plugins compatible for Editor in 0.30 ms, found 1 plugins.
Preloading 0 native plugins for Editor in 0.00 ms.
Unloading 1798 Unused Serialized files (Serialized files now loaded: 0)
System memory in use before: 87.9 MB.
System memory in use after: 88.0 MB.

Unloading 9 unused Assets to reduce memory usage. Loaded Objects now: 2290.
Total: 1.707300 ms (FindLiveObjects: 0.215500 ms CreateObjectMapping: 0.059300 ms MarkObjects: 1.342200 ms  DeleteObjects: 0.089500 ms)

========================================================================
Received Import Request.
  Time since last request: 365.642883 seconds.
  path: Assets/Art/Animations/devil sprite idle_0.controller
  artifactKey: Guid(374142fdb92b1fd43a74195f019986ed) Importer(815301076,1909f56bfc062723c751e8b465ee728b)
Start importing Assets/Art/Animations/devil sprite idle_0.controller using Guid(374142fdb92b1fd43a74195f019986ed) Importer(815301076,1909f56bfc062723c751e8b465ee728b)  -> (artifact id: '4f8e90d47bb214f471ac9d00acafe699') in 0.015682 seconds
  Import took 0.021932 seconds .

========================================================================
Received Import Request.
  Time since last request: 559.601511 seconds.
  path: Assets/Animations/Player.controller
  artifactKey: Guid(435cb11e407ff4342897c8326d9bc20e) Importer(815301076,1909f56bfc062723c751e8b465ee728b)
Start importing Assets/Animations/Player.controller using Guid(435cb11e407ff4342897c8326d9bc20e) Importer(815301076,1909f56bfc062723c751e8b465ee728b)  -> (artifact id: 'c87ffc145adbd67c711dccdeb2ae0ffc') in 0.006850 seconds
  Import took 0.010154 seconds .

========================================================================
Received Import Request.
  Time since last request: 81.166605 seconds.
  path: Assets/Art/devil sprite.png
  artifactKey: Guid(78347830c2504074cafc4a7be397564b) Importer(815301076,1909f56bfc062723c751e8b465ee728b)
Start importing Assets/Art/devil sprite.png using Guid(78347830c2504074cafc4a7be397564b) Importer(815301076,1909f56bfc062723c751e8b465ee728b)  -> (artifact id: '928742d408920e4fd0a246ed88325194') in 0.041502 seconds
  Import took 0.044236 seconds .

========================================================================
Received Import Request.
  Time since last request: 15.074622 seconds.
  path: Assets/Art/devil sprite.png
  artifactKey: Guid(78347830c2504074cafc4a7be397564b) Importer(815301076,1909f56bfc062723c751e8b465ee728b)
Start importing Assets/Art/devil sprite.png using Guid(78347830c2504074cafc4a7be397564b) Importer(815301076,1909f56bfc062723c751e8b465ee728b)  -> (artifact id: 'e9fd18ab322ae31bd91b44ccbdf31cc6') in 0.012594 seconds
  Import took 0.015605 seconds .

========================================================================
Received Import Request.
  Time since last request: 1187.991907 seconds.
  path: Assets/Art/devil sprite fall.png
  artifactKey: Guid(24d3fd6e1af13a049acf6db253409f95) Importer(815301076,1909f56bfc062723c751e8b465ee728b)
Start importing Assets/Art/devil sprite fall.png using Guid(24d3fd6e1af13a049acf6db253409f95) Importer(815301076,1909f56bfc062723c751e8b465ee728b)  -> (artifact id: 'a1f40eebc0024f0e58a2f4f3ee57c637') in 0.013767 seconds
  Import took 0.016725 seconds .

========================================================================
Received Import Request.
  Time since last request: 0.000174 seconds.
  path: Assets/Art/devil sprite impact.png
  artifactKey: Guid(93d4608e04df71641909ec91ec8e97fd) Importer(815301076,1909f56bfc062723c751e8b465ee728b)
Start importing Assets/Art/devil sprite impact.png using Guid(93d4608e04df71641909ec91ec8e97fd) Importer(815301076,1909f56bfc062723c751e8b465ee728b)  -> (artifact id: '395fb7aeedabe0b91a0c83a9f2457cb6') in 0.014318 seconds
  Import took 0.016745 seconds .

========================================================================
Received Import Request.
  Time since last request: 0.000140 seconds.
  path: Assets/Art/devil sprite jump.png
  artifactKey: Guid(825288327bd23484d80b4d2b1cc89772) Importer(815301076,1909f56bfc062723c751e8b465ee728b)
Start importing Assets/Art/devil sprite jump.png using Guid(825288327bd23484d80b4d2b1cc89772) Importer(815301076,1909f56bfc062723c751e8b465ee728b)  -> (artifact id: 'fd131c4aa35f75c58cdd12c184232358') in 0.010761 seconds
  Import took 0.013185 seconds .

========================================================================
Received Import Request.
  Time since last request: 17.487450 seconds.
  path: Assets/Art/devil sprite fall.png
  artifactKey: Guid(24d3fd6e1af13a049acf6db253409f95) Importer(815301076,1909f56bfc062723c751e8b465ee728b)
Start importing Assets/Art/devil sprite fall.png using Guid(24d3fd6e1af13a049acf6db253409f95) Importer(815301076,1909f56bfc062723c751e8b465ee728b)  -> (artifact id: '58f6b327099bd2aec8c89cd23e0f9f47') in 0.013250 seconds
  Import took 0.015741 seconds .

========================================================================
Received Import Request.
  Time since last request: 9.792530 seconds.
  path: Assets/Art/devil sprite impact.png
  artifactKey: Guid(93d4608e04df71641909ec91ec8e97fd) Importer(815301076,1909f56bfc062723c751e8b465ee728b)
Start importing Assets/Art/devil sprite impact.png using Guid(93d4608e04df71641909ec91ec8e97fd) Importer(815301076,1909f56bfc062723c751e8b465ee728b)  -> (artifact id: '2b001032889701a54da8248f696c99d7') in 0.012548 seconds
  Import took 0.015624 seconds .

========================================================================
Received Import Request.
  Time since last request: 9.954591 seconds.
  path: Assets/Art/devil sprite jump.png
  artifactKey: Guid(825288327bd23484d80b4d2b1cc89772) Importer(815301076,1909f56bfc062723c751e8b465ee728b)
Start importing Assets/Art/devil sprite jump.png using Guid(825288327bd23484d80b4d2b1cc89772) Importer(815301076,1909f56bfc062723c751e8b465ee728b)  -> (artifact id: 'ccfa50156114343c6f884a92ec13dca1') in 0.010865 seconds
  Import took 0.013509 seconds .

========================================================================
Received Import Request.
  Time since last request: 62.040783 seconds.
  path: Assets/Art/devil sprite fall.png
  artifactKey: Guid(24d3fd6e1af13a049acf6db253409f95) Importer(815301076,1909f56bfc062723c751e8b465ee728b)
Start importing Assets/Art/devil sprite fall.png using Guid(24d3fd6e1af13a049acf6db253409f95) Importer(815301076,1909f56bfc062723c751e8b465ee728b)  -> (artifact id: '1c27bf572b00a528ae9da58de4f98a0b') in 0.010401 seconds
  Import took 0.013090 seconds .

========================================================================
Received Import Request.
  Time since last request: 7.629408 seconds.
  path: Assets/Art/devil sprite fall.png
  artifactKey: Guid(24d3fd6e1af13a049acf6db253409f95) Importer(815301076,1909f56bfc062723c751e8b465ee728b)
Start importing Assets/Art/devil sprite fall.png using Guid(24d3fd6e1af13a049acf6db253409f95) Importer(815301076,1909f56bfc062723c751e8b465ee728b)  -> (artifact id: '0f473dc883dee3665312518fbacab1b7') in 0.012446 seconds
  Import took 0.015438 seconds .

========================================================================
Received Import Request.
  Time since last request: 23.140841 seconds.
  path: Assets/Art/devil sprite fall.png
  artifactKey: Guid(24d3fd6e1af13a049acf6db253409f95) Importer(815301076,1909f56bfc062723c751e8b465ee728b)
Start importing Assets/Art/devil sprite fall.png using Guid(24d3fd6e1af13a049acf6db253409f95) Importer(815301076,1909f56bfc062723c751e8b465ee728b)  -> (artifact id: 'b0d49c87bdc8760417976f2bef28a47b') in 0.007695 seconds
  Import took 0.010353 seconds .

========================================================================
Received Import Request.
  Time since last request: 0.007824 seconds.
  path: Assets/Art/devil sprite fall.png
  artifactKey: Guid(24d3fd6e1af13a049acf6db253409f95) Importer(815301076,1909f56bfc062723c751e8b465ee728b)
Start importing Assets/Art/devil sprite fall.png using Guid(24d3fd6e1af13a049acf6db253409f95) Importer(815301076,1909f56bfc062723c751e8b465ee728b)  -> (artifact id: 'b0d49c87bdc8760417976f2bef28a47b') in 0.008174 seconds
  Import took 0.010690 seconds .

========================================================================
Received Import Request.
  Time since last request: 88.556980 seconds.
  path: Assets/Animations/devil sprite run_0.controller
  artifactKey: Guid(578bd76ecd1701f4b8aa9f4022d1aa00) Importer(815301076,1909f56bfc062723c751e8b465ee728b)
Start importing Assets/Animations/devil sprite run_0.controller using Guid(578bd76ecd1701f4b8aa9f4022d1aa00) Importer(815301076,1909f56bfc062723c751e8b465ee728b)  -> (artifact id: 'c1395f5b9c3132449d6fad3b9effc31a') in 0.012541 seconds
  Import took 0.015536 seconds .

========================================================================
Received Import Request.
  Time since last request: 3.488761 seconds.
  path: Assets/Animations/devil sprite fall.controller
  artifactKey: Guid(5ccc307b925f59d4894f59ee6b180813) Importer(815301076,1909f56bfc062723c751e8b465ee728b)
Start importing Assets/Animations/devil sprite fall.controller using Guid(5ccc307b925f59d4894f59ee6b180813) Importer(815301076,1909f56bfc062723c751e8b465ee728b)  -> (artifact id: 'abcb34282c2ed765adc76f849a460c5f') in 0.002830 seconds
  Import took 0.005652 seconds .

========================================================================
Received Import Request.
  Time since last request: 0.000494 seconds.
  path: Assets/Animations/devil sprite fall.controller
  artifactKey: Guid(5ccc307b925f59d4894f59ee6b180813) Importer(815301076,1909f56bfc062723c751e8b465ee728b)
Start importing Assets/Animations/devil sprite fall.controller using Guid(5ccc307b925f59d4894f59ee6b180813) Importer(815301076,1909f56bfc062723c751e8b465ee728b)  -> (artifact id: 'abcb34282c2ed765adc76f849a460c5f') in 0.002123 seconds
  Import took 0.004754 seconds .

========================================================================
Received Import Request.
  Time since last request: 473.174986 seconds.
  path: Assets
  artifactKey: Guid(00000000000000001000000000000000) Importer(815301076,1909f56bfc062723c751e8b465ee728b)
Start importing Assets using Guid(00000000000000001000000000000000) Importer(815301076,1909f56bfc062723c751e8b465ee728b)  -> (artifact id: 'f89434ac489deb914593f829e0a47671') in 0.006831 seconds
  Import took 0.009971 seconds .

========================================================================
Received Import Request.
  Time since last request: 9.024425 seconds.
  path: Assets/Scripts
  artifactKey: Guid(58d0985bd66d1cd4393cdc565d886577) Importer(815301076,1909f56bfc062723c751e8b465ee728b)
Start importing Assets/Scripts using Guid(58d0985bd66d1cd4393cdc565d886577) Importer(815301076,1909f56bfc062723c751e8b465ee728b)  -> (artifact id: '06cd97fef4827da63e810dda83671df8') in 0.006294 seconds
  Import took 0.014582 seconds .

========================================================================
Received Import Request.
  Time since last request: 20.765386 seconds.
  path: Assets/Scripts/destroyself.cs
  artifactKey: Guid(5d1a5ef58828f1d4985f615c513794fc) Importer(815301076,1909f56bfc062723c751e8b465ee728b)
Start importing Assets/Scripts/destroyself.cs using Guid(5d1a5ef58828f1d4985f615c513794fc) Importer(815301076,1909f56bfc062723c751e8b465ee728b)  -> (artifact id: 'c4560d1eeba7734525052b6953bd2b10') in 0.009787 seconds
  Import took 0.012560 seconds .

========================================================================
Received Import Request.
  Time since last request: 5.994731 seconds.
  path: Assets/Scripts/platform.cs
  artifactKey: Guid(0281d46482151be4089e3dead2ecfdda) Importer(815301076,1909f56bfc062723c751e8b465ee728b)
Start importing Assets/Scripts/platform.cs using Guid(0281d46482151be4089e3dead2ecfdda) Importer(815301076,1909f56bfc062723c751e8b465ee728b)  -> (artifact id: 'b788b43a25100d63dbe4bcf6db63f1d9') in 0.006102 seconds
  Import took 0.008707 seconds .

========================================================================
Received Import Request.
  Time since last request: 2.666424 seconds.
  path: Assets/Scripts/platII.cs
  artifactKey: Guid(35575866b74a1a14a8a9f65f48a3fe59) Importer(815301076,1909f56bfc062723c751e8b465ee728b)
Start importing Assets/Scripts/platII.cs using Guid(35575866b74a1a14a8a9f65f48a3fe59) Importer(815301076,1909f56bfc062723c751e8b465ee728b)  -> (artifact id: '352c7bb3204e192adf110a0b19cd744d') in 0.006631 seconds
  Import took 0.008951 seconds .

========================================================================
Received Import Request.
  Time since last request: 1.272312 seconds.
  path: Assets/Scripts/PlayerCombat.cs
  artifactKey: Guid(4e12698ea9ffb3e478ed1cc88c8e40fc) Importer(815301076,1909f56bfc062723c751e8b465ee728b)
Start importing Assets/Scripts/PlayerCombat.cs using Guid(4e12698ea9ffb3e478ed1cc88c8e40fc) Importer(815301076,1909f56bfc062723c751e8b465ee728b)  -> (artifact id: 'c78b405d13f2ef9d737c9b3b9f69a5fa') in 0.006631 seconds
  Import took 0.009929 seconds .

========================================================================
Received Import Request.
  Time since last request: 2.369674 seconds.
  path: Assets/Scripts/PlayerMovement.cs
  artifactKey: Guid(fae75cfffdafaa54bbf3287128f781fc) Importer(815301076,1909f56bfc062723c751e8b465ee728b)
Start importing Assets/Scripts/PlayerMovement.cs using Guid(fae75cfffdafaa54bbf3287128f781fc) Importer(815301076,1909f56bfc062723c751e8b465ee728b)  -> (artifact id: 'b44e2da01f99f9a5f98087ae15cce958') in 0.005837 seconds
  Import took 0.008956 seconds .

========================================================================
Received Import Request.
  Time since last request: 30.622898 seconds.
  path: Assets/Art/Tilepalettes/ground tile.prefab
  artifactKey: Guid(5b54df7bc41bab14fb54bb624ef05bc3) Importer(815301076,1909f56bfc062723c751e8b465ee728b)
Start importing Assets/Art/Tilepalettes/ground tile.prefab using Guid(5b54df7bc41bab14fb54bb624ef05bc3) Importer(815301076,1909f56bfc062723c751e8b465ee728b)  -> (artifact id: '3fa94c9e19bf2adb0b7315249266fa34') in 0.008614 seconds
  Import took 0.011270 seconds .

========================================================================
Received Prepare
Registering precompiled user dll's ...
Registered in 0.000755 seconds.
Begin MonoManager ReloadAssembly
Native extension for WindowsStandalone target not found
Refreshing native plugins compatible for Editor in 0.32 ms, found 1 plugins.
Preloading 0 native plugins for Editor in 0.00 ms.
Invoked RoslynAnalysisRunner static constructor.
RoslynAnalysisRunner will not be running.
RoslynAnalysisRunner has terminated.
Mono: successfully reloaded assembly
- Completed reload, in  0.652 seconds
Platform modules already initialized, skipping
Refreshing native plugins compatible for Editor in 0.30 ms, found 1 plugins.
Preloading 0 native plugins for Editor in 0.00 ms.
Unloading 1798 Unused Serialized files (Serialized files now loaded: 0)
System memory in use before: 88.0 MB.
System memory in use after: 88.1 MB.

Unloading 9 unused Assets to reduce memory usage. Loaded Objects now: 2297.
Total: 1.692300 ms (FindLiveObjects: 0.218600 ms CreateObjectMapping: 0.068300 ms MarkObjects: 1.358200 ms  DeleteObjects: 0.046600 ms)

========================================================================
Received Prepare
Registering precompiled user dll's ...
Registered in 0.000656 seconds.
Begin MonoManager ReloadAssembly
Native extension for WindowsStandalone target not found
Refreshing native plugins compatible for Editor in 0.34 ms, found 1 plugins.
Preloading 0 native plugins for Editor in 0.00 ms.
Invoked RoslynAnalysisRunner static constructor.
RoslynAnalysisRunner will not be running.
RoslynAnalysisRunner has terminated.
Mono: successfully reloaded assembly
- Completed reload, in  0.653 seconds
Platform modules already initialized, skipping
Refreshing native plugins compatible for Editor in 0.29 ms, found 1 plugins.
Preloading 0 native plugins for Editor in 0.00 ms.
Unloading 1799 Unused Serialized files (Serialized files now loaded: 0)
System memory in use before: 88.0 MB.
System memory in use after: 88.1 MB.

Unloading 9 unused Assets to reduce memory usage. Loaded Objects now: 2302.
Total: 2.626100 ms (FindLiveObjects: 0.340700 ms CreateObjectMapping: 0.216000 ms MarkObjects: 1.915800 ms  DeleteObjects: 0.152800 ms)

========================================================================
Received Prepare
Registering precompiled user dll's ...
Registered in 0.000641 seconds.
Begin MonoManager ReloadAssembly
Native extension for WindowsStandalone target not found
Refreshing native plugins compatible for Editor in 0.30 ms, found 1 plugins.
Preloading 0 native plugins for Editor in 0.00 ms.
Invoked RoslynAnalysisRunner static constructor.
RoslynAnalysisRunner will not be running.
RoslynAnalysisRunner has terminated.
Mono: successfully reloaded assembly
- Completed reload, in  0.685 seconds
Platform modules already initialized, skipping
Refreshing native plugins compatible for Editor in 0.36 ms, found 1 plugins.
Preloading 0 native plugins for Editor in 0.00 ms.
Unloading 1799 Unused Serialized files (Serialized files now loaded: 0)
System memory in use before: 88.1 MB.
System memory in use after: 88.1 MB.

Unloading 9 unused Assets to reduce memory usage. Loaded Objects now: 2306.
Total: 2.151400 ms (FindLiveObjects: 0.262200 ms CreateObjectMapping: 0.125300 ms MarkObjects: 1.670900 ms  DeleteObjects: 0.092300 ms)

========================================================================
Received Import Request.
  Time since last request: 172.768977 seconds.
  path: Assets/Scripts/PlayerMovement.cs
  artifactKey: Guid(96a06ee3aab78e84d8cd917b029a40d9) Importer(815301076,1909f56bfc062723c751e8b465ee728b)
Start importing Assets/Scripts/PlayerMovement.cs using Guid(96a06ee3aab78e84d8cd917b029a40d9) Importer(815301076,1909f56bfc062723c751e8b465ee728b)  -> (artifact id: 'b780134b2876a6dd2742891eee68472d') in 0.004158 seconds
  Import took 0.006598 seconds .

========================================================================
Received Import Request.
  Time since last request: 0.021314 seconds.
  path: Assets/Scripts/PlayerMovement.cs
  artifactKey: Guid(96a06ee3aab78e84d8cd917b029a40d9) Importer(815301076,1909f56bfc062723c751e8b465ee728b)
Start importing Assets/Scripts/PlayerMovement.cs using Guid(96a06ee3aab78e84d8cd917b029a40d9) Importer(815301076,1909f56bfc062723c751e8b465ee728b)  -> (artifact id: 'b780134b2876a6dd2742891eee68472d') in 0.002723 seconds
  Import took 0.005276 seconds .

========================================================================
Received Prepare
Registering precompiled user dll's ...
Registered in 0.000751 seconds.
Begin MonoManager ReloadAssembly
Native extension for WindowsStandalone target not found
Refreshing native plugins compatible for Editor in 28.25 ms, found 1 plugins.
Preloading 0 native plugins for Editor in 0.00 ms.
Invoked RoslynAnalysisRunner static constructor.
RoslynAnalysisRunner will not be running.
RoslynAnalysisRunner has terminated.
Mono: successfully reloaded assembly
- Completed reload, in  0.593 seconds
Platform modules already initialized, skipping
Refreshing native plugins compatible for Editor in 0.32 ms, found 1 plugins.
Preloading 0 native plugins for Editor in 0.00 ms.
Unloading 2095 Unused Serialized files (Serialized files now loaded: 0)
System memory in use before: 97.3 MB.
System memory in use after: 97.4 MB.

Unloading 7 unused Assets to reduce memory usage. Loaded Objects now: 2599.
Total: 1.812000 ms (FindLiveObjects: 0.394000 ms CreateObjectMapping: 0.103400 ms MarkObjects: 1.243100 ms  DeleteObjects: 0.070900 ms)

AssetImportWorkerClient::OnTransportError - code=2 error=End of file
